2019-03-24 16:34:04.693 [main] V1.0 INFO  com.example.demo.DemoApplication ===> Starting DemoApplication on DESKTOP-GUH81E9 with PID 14300 (C:\Users\athena.li\Desktop\demo\target\classes started by athena.li in C:\Users\athena.li\Desktop\demo)
2019-03-24 16:34:04.699 [main] V1.0 INFO  com.example.demo.DemoApplication ===> No active profile set, falling back to default profiles: default
2019-03-24 16:34:06.016 [main] V1.0 INFO  o.s.b.w.e.tomcat.TomcatWebServer ===> Tomcat initialized with port(s): 8080 (http)
2019-03-24 16:34:06.033 [main] V1.0 INFO  o.a.coyote.http11.Http11NioProtocol ===> Initializing ProtocolHandler ["http-nio-8080"]
2019-03-24 16:34:06.043 [main] V1.0 INFO  o.a.catalina.core.StandardService ===> Starting service [Tomcat]
2019-03-24 16:34:06.043 [main] V1.0 INFO  o.a.catalina.core.StandardEngine ===> Starting Servlet engine: [Apache Tomcat/9.0.16]
2019-03-24 16:34:06.050 [main] V1.0 INFO  o.a.c.core.AprLifecycleListener ===> The APR based Apache Tomcat Native library which allows optimal performance in production environments was not found on the java.library.path: [C:\Program Files\Java\jdk1.8.0_171\bin;C:\WINDOWS\Sun\Java\bin;C:\WINDOWS\system32;C:\WINDOWS;D:\Oracle\app\oracle\product\11.2.0\server\bin;C:\Program Files (x86)\Common Files\Oracle\Java\javapath;C:\Windows\system32;C:\Windows;C:\Windows\System32\Wbem;C:\Windows\System32\WindowsPowerShell\v1.0\;C:\Program Files (x86)\NVIDIA Corporation\PhysX\Common;C:\Program Files\Intel\WiFi\bin\;C:\Program Files\Common Files\Intel\WirelessCommon\;D:\Program Files\Git\cmd;E:\java\apache-maven-3.5.0\bin;C:\Program Files\Java\jdk1.8.0_171\bin;C:\Program Files\Java\jdk1.8.0_171\jre\bin;C:\WINDOWS\system32;C:\WINDOWS;C:\WINDOWS\System32\Wbem;C:\WINDOWS\System32\WindowsPowerShell\v1.0\;C:\WINDOWS\System32\OpenSSH\;D:\Program Files\TortoiseSVN\bin;C:\Program Files\TortoiseSVN\bin;D:\plsqldeveloper\instantclient_12_2;D:\Program Files\consul；;C:\Users\athena.li\AppData\Local\Microsoft\WindowsApps;;.]
2019-03-24 16:34:06.141 [main] V1.0 INFO  o.a.c.c.C.[Tomcat].[localhost].[/] ===> Initializing Spring embedded WebApplicationContext
2019-03-24 16:34:06.141 [main] V1.0 INFO  o.s.web.context.ContextLoader ===> Root WebApplicationContext: initialization completed in 1386 ms
2019-03-24 16:34:06.382 [main] V1.0 INFO  o.s.s.c.ThreadPoolTaskExecutor ===> Initializing ExecutorService 'applicationTaskExecutor'
2019-03-24 16:34:06.540 [main] V1.0 INFO  o.a.coyote.http11.Http11NioProtocol ===> Starting ProtocolHandler ["http-nio-8080"]
2019-03-24 16:34:06.578 [main] V1.0 INFO  o.s.b.w.e.tomcat.TomcatWebServer ===> Tomcat started on port(s): 8080 (http) with context path ''
2019-03-24 16:34:06.581 [main] V1.0 INFO  com.example.demo.DemoApplication ===> Started DemoApplication in 2.592 seconds (JVM running for 3.906)
2019-03-24 16:41:28.842 [main] V1.0 INFO  com.example.demo.DemoApplication ===> Starting DemoApplication on DESKTOP-GUH81E9 with PID 8724 (C:\Users\athena.li\Desktop\demo\target\classes started by athena.li in C:\Users\athena.li\Desktop\demo)
2019-03-24 16:41:28.845 [main] V1.0 INFO  com.example.demo.DemoApplication ===> No active profile set, falling back to default profiles: default
2019-03-24 16:41:30.132 [main] V1.0 INFO  o.s.b.w.e.tomcat.TomcatWebServer ===> Tomcat initialized with port(s): 8080 (http)
2019-03-24 16:41:30.159 [main] V1.0 INFO  o.a.coyote.http11.Http11NioProtocol ===> Initializing ProtocolHandler ["http-nio-8080"]
2019-03-24 16:41:30.170 [main] V1.0 INFO  o.a.catalina.core.StandardService ===> Starting service [Tomcat]
2019-03-24 16:41:30.171 [main] V1.0 INFO  o.a.catalina.core.StandardEngine ===> Starting Servlet engine: [Apache Tomcat/9.0.16]
2019-03-24 16:41:30.179 [main] V1.0 INFO  o.a.c.core.AprLifecycleListener ===> The APR based Apache Tomcat Native library which allows optimal performance in production environments was not found on the java.library.path: [C:\Program Files\Java\jdk1.8.0_171\bin;C:\WINDOWS\Sun\Java\bin;C:\WINDOWS\system32;C:\WINDOWS;D:\Oracle\app\oracle\product\11.2.0\server\bin;C:\Program Files (x86)\Common Files\Oracle\Java\javapath;C:\Windows\system32;C:\Windows;C:\Windows\System32\Wbem;C:\Windows\System32\WindowsPowerShell\v1.0\;C:\Program Files (x86)\NVIDIA Corporation\PhysX\Common;C:\Program Files\Intel\WiFi\bin\;C:\Program Files\Common Files\Intel\WirelessCommon\;D:\Program Files\Git\cmd;E:\java\apache-maven-3.5.0\bin;C:\Program Files\Java\jdk1.8.0_171\bin;C:\Program Files\Java\jdk1.8.0_171\jre\bin;C:\WINDOWS\system32;C:\WINDOWS;C:\WINDOWS\System32\Wbem;C:\WINDOWS\System32\WindowsPowerShell\v1.0\;C:\WINDOWS\System32\OpenSSH\;D:\Program Files\TortoiseSVN\bin;C:\Program Files\TortoiseSVN\bin;D:\plsqldeveloper\instantclient_12_2;D:\Program Files\consul；;C:\Users\athena.li\AppData\Local\Microsoft\WindowsApps;;.]
2019-03-24 16:41:30.283 [main] V1.0 INFO  o.a.c.c.C.[Tomcat].[localhost].[/] ===> Initializing Spring embedded WebApplicationContext
2019-03-24 16:41:30.284 [main] V1.0 INFO  o.s.web.context.ContextLoader ===> Root WebApplicationContext: initialization completed in 1378 ms
2019-03-24 16:41:30.579 [main] V1.0 INFO  o.s.s.c.ThreadPoolTaskExecutor ===> Initializing ExecutorService 'applicationTaskExecutor'
2019-03-24 16:41:30.758 [main] V1.0 INFO  o.a.coyote.http11.Http11NioProtocol ===> Starting ProtocolHandler ["http-nio-8080"]
2019-03-24 16:41:30.807 [main] V1.0 INFO  o.s.b.w.e.tomcat.TomcatWebServer ===> Tomcat started on port(s): 8080 (http) with context path ''
2019-03-24 16:41:30.810 [main] V1.0 INFO  com.example.demo.DemoApplication ===> Started DemoApplication in 2.635 seconds (JVM running for 3.597)
2019-03-24 16:43:45.691 [http-nio-8080-exec-1] V1.0 INFO  o.a.c.c.C.[Tomcat].[localhost].[/] ===> Initializing Spring DispatcherServlet 'dispatcherServlet'
2019-03-24 16:43:45.694 [http-nio-8080-exec-1] V1.0 INFO  o.s.web.servlet.DispatcherServlet ===> Initializing Servlet 'dispatcherServlet'
2019-03-24 16:43:45.728 [http-nio-8080-exec-1] V1.0 INFO  o.s.web.servlet.DispatcherServlet ===> Completed initialization in 34 ms
2019-03-24 16:43:45.778 [http-nio-8080-exec-1] V1.0 ERROR com.example.demo.NewController ===> 111111111111111111
2019-03-24 16:43:47.364 [http-nio-8080-exec-2] V1.0 ERROR com.example.demo.NewController ===> 111111111111111111
2019-03-24 16:43:49.300 [http-nio-8080-exec-3] V1.0 ERROR com.example.demo.NewController ===> 111111111111111111
2019-03-24 16:43:51.039 [http-nio-8080-exec-5] V1.0 ERROR com.example.demo.NewController ===> 111111111111111111
2019-03-24 16:43:51.218 [http-nio-8080-exec-7] V1.0 ERROR com.example.demo.NewController ===> 111111111111111111
2019-03-24 16:43:51.415 [http-nio-8080-exec-9] V1.0 ERROR com.example.demo.NewController ===> 111111111111111111
2019-03-24 21:05:51.581 [main] V1.0 INFO  com.example.demo.DemoApplication ===> Starting DemoApplication on DESKTOP-GUH81E9 with PID 15952 (C:\Users\athena.li\Desktop\demo\target\classes started by athena.li in C:\Users\athena.li\Desktop\demo)
2019-03-24 21:05:51.586 [main] V1.0 INFO  com.example.demo.DemoApplication ===> No active profile set, falling back to default profiles: default
2019-03-24 21:05:52.933 [main] V1.0 INFO  o.s.b.w.e.tomcat.TomcatWebServer ===> Tomcat initialized with port(s): 8080 (http)
2019-03-24 21:05:52.959 [main] V1.0 INFO  o.a.coyote.http11.Http11NioProtocol ===> Initializing ProtocolHandler ["http-nio-8080"]
2019-03-24 21:05:52.972 [main] V1.0 INFO  o.a.catalina.core.StandardService ===> Starting service [Tomcat]
2019-03-24 21:05:52.973 [main] V1.0 INFO  o.a.catalina.core.StandardEngine ===> Starting Servlet engine: [Apache Tomcat/9.0.16]
2019-03-24 21:05:52.983 [main] V1.0 INFO  o.a.c.core.AprLifecycleListener ===> The APR based Apache Tomcat Native library which allows optimal performance in production environments was not found on the java.library.path: [C:\Program Files\Java\jdk1.8.0_171\bin;C:\WINDOWS\Sun\Java\bin;C:\WINDOWS\system32;C:\WINDOWS;D:\Oracle\app\oracle\product\11.2.0\server\bin;C:\Program Files (x86)\Common Files\Oracle\Java\javapath;C:\Windows\system32;C:\Windows;C:\Windows\System32\Wbem;C:\Windows\System32\WindowsPowerShell\v1.0\;C:\Program Files (x86)\NVIDIA Corporation\PhysX\Common;C:\Program Files\Intel\WiFi\bin\;C:\Program Files\Common Files\Intel\WirelessCommon\;D:\Program Files\Git\cmd;E:\java\apache-maven-3.5.0\bin;C:\Program Files\Java\jdk1.8.0_171\bin;C:\Program Files\Java\jdk1.8.0_171\jre\bin;C:\WINDOWS\system32;C:\WINDOWS;C:\WINDOWS\System32\Wbem;C:\WINDOWS\System32\WindowsPowerShell\v1.0\;C:\WINDOWS\System32\OpenSSH\;D:\Program Files\TortoiseSVN\bin;C:\Program Files\TortoiseSVN\bin;D:\plsqldeveloper\instantclient_12_2;D:\Program Files\consul；;C:\Users\athena.li\AppData\Local\Microsoft\WindowsApps;;.]
2019-03-24 21:05:53.130 [main] V1.0 INFO  o.a.c.c.C.[Tomcat].[localhost].[/] ===> Initializing Spring embedded WebApplicationContext
2019-03-24 21:05:53.130 [main] V1.0 INFO  o.s.web.context.ContextLoader ===> Root WebApplicationContext: initialization completed in 1434 ms
2019-03-24 21:05:53.491 [main] V1.0 INFO  o.s.s.c.ThreadPoolTaskExecutor ===> Initializing ExecutorService 'applicationTaskExecutor'
2019-03-24 21:05:53.664 [main] V1.0 INFO  o.a.coyote.http11.Http11NioProtocol ===> Starting ProtocolHandler ["http-nio-8080"]
2019-03-24 21:05:53.714 [main] V1.0 INFO  o.s.b.w.e.tomcat.TomcatWebServer ===> Tomcat started on port(s): 8080 (http) with context path ''
2019-03-24 21:05:53.718 [main] V1.0 INFO  com.example.demo.DemoApplication ===> Started DemoApplication in 3.031 seconds (JVM running for 4.555)
