2019-05-04 13:23:07.980 [main] V1.0 INFO  com.example.demo.DemoApplication ===> Starting DemoApplication on DESKTOP-GUH81E9 with PID 12008 (C:\Users\athena.li\Desktop\demo\target\classes started by athena.li in C:\Users\athena.li\Desktop\demo)
2019-05-04 13:23:07.983 [main] V1.0 INFO  com.example.demo.DemoApplication ===> No active profile set, falling back to default profiles: default
2019-05-04 13:23:09.088 [main] V1.0 INFO  o.s.b.w.e.tomcat.TomcatWebServer ===> Tomcat initialized with port(s): 8080 (http)
2019-05-04 13:23:09.100 [main] V1.0 INFO  o.a.coyote.http11.Http11NioProtocol ===> Initializing ProtocolHandler ["http-nio-8080"]
2019-05-04 13:23:09.108 [main] V1.0 INFO  o.a.catalina.core.StandardService ===> Starting service [Tomcat]
2019-05-04 13:23:09.108 [main] V1.0 INFO  o.a.catalina.core.StandardEngine ===> Starting Servlet engine: [Apache Tomcat/9.0.16]
2019-05-04 13:23:09.113 [main] V1.0 INFO  o.a.c.core.AprLifecycleListener ===> The APR based Apache Tomcat Native library which allows optimal performance in production environments was not found on the java.library.path: [C:\Program Files\Java\jdk1.8.0_171\bin;C:\WINDOWS\Sun\Java\bin;C:\WINDOWS\system32;C:\WINDOWS;D:\Oracle\app\oracle\product\11.2.0\server\bin;C:\Program Files (x86)\Common Files\Oracle\Java\javapath;C:\Windows\system32;C:\Windows;C:\Windows\System32\Wbem;C:\Windows\System32\WindowsPowerShell\v1.0\;C:\Program Files (x86)\NVIDIA Corporation\PhysX\Common;C:\Program Files\Intel\WiFi\bin\;C:\Program Files\Common Files\Intel\WirelessCommon\;D:\Program Files\Git\cmd;E:\java\apache-maven-3.5.0\bin;C:\Program Files\Java\jdk1.8.0_171\bin;C:\Program Files\Java\jdk1.8.0_171\jre\bin;C:\WINDOWS\system32;C:\WINDOWS;C:\WINDOWS\System32\Wbem;C:\WINDOWS\System32\WindowsPowerShell\v1.0\;C:\WINDOWS\System32\OpenSSH\;D:\Program Files\TortoiseSVN\bin;C:\Program Files\TortoiseSVN\bin;D:\plsqldeveloper\instantclient_12_2;D:\Program Files\consul；;C:\Users\athena.li\AppData\Local\Microsoft\WindowsApps;;.]
2019-05-04 13:23:09.187 [main] V1.0 INFO  o.a.c.c.C.[Tomcat].[localhost].[/] ===> Initializing Spring embedded WebApplicationContext
2019-05-04 13:23:09.187 [main] V1.0 INFO  o.s.web.context.ContextLoader ===> Root WebApplicationContext: initialization completed in 1136 ms
2019-05-04 13:23:09.373 [main] V1.0 INFO  o.s.s.c.ThreadPoolTaskExecutor ===> Initializing ExecutorService 'applicationTaskExecutor'
2019-05-04 13:23:09.511 [main] V1.0 INFO  o.a.coyote.http11.Http11NioProtocol ===> Starting ProtocolHandler ["http-nio-8080"]
2019-05-04 13:23:09.572 [main] V1.0 INFO  o.s.b.w.e.tomcat.TomcatWebServer ===> Tomcat started on port(s): 8080 (http) with context path ''
2019-05-04 13:23:09.575 [main] V1.0 INFO  com.example.demo.DemoApplication ===> Started DemoApplication in 2.15 seconds (JVM running for 3.266)
2019-05-04 13:23:35.039 [http-nio-8080-exec-1] V1.0 INFO  o.a.c.c.C.[Tomcat].[localhost].[/] ===> Initializing Spring DispatcherServlet 'dispatcherServlet'
2019-05-04 13:23:35.039 [http-nio-8080-exec-1] V1.0 INFO  o.s.web.servlet.DispatcherServlet ===> Initializing Servlet 'dispatcherServlet'
2019-05-04 13:23:35.045 [http-nio-8080-exec-1] V1.0 INFO  o.s.web.servlet.DispatcherServlet ===> Completed initialization in 6 ms
2019-05-04 13:23:35.062 [http-nio-8080-exec-1] V1.0 WARN  o.s.w.s.m.s.DefaultHandlerExceptionResolver ===> Resolved [org.springframework.web.HttpRequestMethodNotSupportedException: Request method 'GET' not supported]
2019-05-04 13:23:59.147 [http-nio-8080-exec-4] V1.0 WARN  o.s.w.s.m.s.DefaultHandlerExceptionResolver ===> Resolved [org.springframework.web.HttpRequestMethodNotSupportedException: Request method 'GET' not supported]
2019-05-04 13:24:33.004 [main] V1.0 INFO  com.example.demo.DemoApplication ===> Starting DemoApplication on DESKTOP-GUH81E9 with PID 19776 (C:\Users\athena.li\Desktop\demo\target\classes started by athena.li in C:\Users\athena.li\Desktop\demo)
2019-05-04 13:24:33.009 [main] V1.0 INFO  com.example.demo.DemoApplication ===> No active profile set, falling back to default profiles: default
2019-05-04 13:24:34.148 [main] V1.0 INFO  o.s.b.w.e.tomcat.TomcatWebServer ===> Tomcat initialized with port(s): 8080 (http)
2019-05-04 13:24:34.160 [main] V1.0 INFO  o.a.coyote.http11.Http11NioProtocol ===> Initializing ProtocolHandler ["http-nio-8080"]
2019-05-04 13:24:34.167 [main] V1.0 INFO  o.a.catalina.core.StandardService ===> Starting service [Tomcat]
2019-05-04 13:24:34.167 [main] V1.0 INFO  o.a.catalina.core.StandardEngine ===> Starting Servlet engine: [Apache Tomcat/9.0.16]
2019-05-04 13:24:34.173 [main] V1.0 INFO  o.a.c.core.AprLifecycleListener ===> The APR based Apache Tomcat Native library which allows optimal performance in production environments was not found on the java.library.path: [C:\Program Files\Java\jdk1.8.0_171\bin;C:\WINDOWS\Sun\Java\bin;C:\WINDOWS\system32;C:\WINDOWS;D:\Oracle\app\oracle\product\11.2.0\server\bin;C:\Program Files (x86)\Common Files\Oracle\Java\javapath;C:\Windows\system32;C:\Windows;C:\Windows\System32\Wbem;C:\Windows\System32\WindowsPowerShell\v1.0\;C:\Program Files (x86)\NVIDIA Corporation\PhysX\Common;C:\Program Files\Intel\WiFi\bin\;C:\Program Files\Common Files\Intel\WirelessCommon\;D:\Program Files\Git\cmd;E:\java\apache-maven-3.5.0\bin;C:\Program Files\Java\jdk1.8.0_171\bin;C:\Program Files\Java\jdk1.8.0_171\jre\bin;C:\WINDOWS\system32;C:\WINDOWS;C:\WINDOWS\System32\Wbem;C:\WINDOWS\System32\WindowsPowerShell\v1.0\;C:\WINDOWS\System32\OpenSSH\;D:\Program Files\TortoiseSVN\bin;C:\Program Files\TortoiseSVN\bin;D:\plsqldeveloper\instantclient_12_2;D:\Program Files\consul；;C:\Users\athena.li\AppData\Local\Microsoft\WindowsApps;;.]
2019-05-04 13:24:34.244 [main] V1.0 INFO  o.a.c.c.C.[Tomcat].[localhost].[/] ===> Initializing Spring embedded WebApplicationContext
2019-05-04 13:24:34.245 [main] V1.0 INFO  o.s.web.context.ContextLoader ===> Root WebApplicationContext: initialization completed in 1158 ms
2019-05-04 13:24:34.471 [main] V1.0 INFO  o.s.s.c.ThreadPoolTaskExecutor ===> Initializing ExecutorService 'applicationTaskExecutor'
2019-05-04 13:24:34.611 [main] V1.0 INFO  o.a.coyote.http11.Http11NioProtocol ===> Starting ProtocolHandler ["http-nio-8080"]
2019-05-04 13:24:34.677 [main] V1.0 INFO  o.s.b.w.e.tomcat.TomcatWebServer ===> Tomcat started on port(s): 8080 (http) with context path ''
2019-05-04 13:24:34.682 [main] V1.0 INFO  com.example.demo.DemoApplication ===> Started DemoApplication in 2.532 seconds (JVM running for 3.859)
2019-05-04 13:24:45.009 [http-nio-8080-exec-1] V1.0 INFO  o.a.c.c.C.[Tomcat].[localhost].[/] ===> Initializing Spring DispatcherServlet 'dispatcherServlet'
2019-05-04 13:24:45.009 [http-nio-8080-exec-1] V1.0 INFO  o.s.web.servlet.DispatcherServlet ===> Initializing Servlet 'dispatcherServlet'
2019-05-04 13:24:45.016 [http-nio-8080-exec-1] V1.0 INFO  o.s.web.servlet.DispatcherServlet ===> Completed initialization in 7 ms
2019-05-04 13:24:45.031 [http-nio-8080-exec-1] V1.0 WARN  o.s.w.s.m.s.DefaultHandlerExceptionResolver ===> Resolved [org.springframework.web.HttpRequestMethodNotSupportedException: Request method 'GET' not supported]
2019-05-04 13:24:45.951 [http-nio-8080-exec-3] V1.0 WARN  o.s.w.s.m.s.DefaultHandlerExceptionResolver ===> Resolved [org.springframework.web.HttpRequestMethodNotSupportedException: Request method 'GET' not supported]
2019-05-04 13:24:46.589 [http-nio-8080-exec-5] V1.0 WARN  o.s.w.s.m.s.DefaultHandlerExceptionResolver ===> Resolved [org.springframework.web.HttpRequestMethodNotSupportedException: Request method 'GET' not supported]
2019-05-04 13:24:46.852 [http-nio-8080-exec-7] V1.0 WARN  o.s.w.s.m.s.DefaultHandlerExceptionResolver ===> Resolved [org.springframework.web.HttpRequestMethodNotSupportedException: Request method 'GET' not supported]
2019-05-04 13:24:47.122 [http-nio-8080-exec-9] V1.0 WARN  o.s.w.s.m.s.DefaultHandlerExceptionResolver ===> Resolved [org.springframework.web.HttpRequestMethodNotSupportedException: Request method 'GET' not supported]
2019-05-04 13:24:47.675 [http-nio-8080-exec-1] V1.0 WARN  o.s.w.s.m.s.DefaultHandlerExceptionResolver ===> Resolved [org.springframework.web.HttpRequestMethodNotSupportedException: Request method 'GET' not supported]
2019-05-04 13:24:48.191 [http-nio-8080-exec-3] V1.0 WARN  o.s.w.s.m.s.DefaultHandlerExceptionResolver ===> Resolved [org.springframework.web.HttpRequestMethodNotSupportedException: Request method 'GET' not supported]
2019-05-04 13:24:48.552 [http-nio-8080-exec-5] V1.0 WARN  o.s.w.s.m.s.DefaultHandlerExceptionResolver ===> Resolved [org.springframework.web.HttpRequestMethodNotSupportedException: Request method 'GET' not supported]
2019-05-04 13:24:49.539 [http-nio-8080-exec-7] V1.0 WARN  o.s.w.s.m.s.DefaultHandlerExceptionResolver ===> Resolved [org.springframework.web.HttpRequestMethodNotSupportedException: Request method 'GET' not supported]
2019-05-04 13:25:23.477 [main] V1.0 INFO  com.example.demo.DemoApplication ===> Starting DemoApplication on DESKTOP-GUH81E9 with PID 348 (C:\Users\athena.li\Desktop\demo\target\classes started by athena.li in C:\Users\athena.li\Desktop\demo)
2019-05-04 13:25:23.486 [main] V1.0 INFO  com.example.demo.DemoApplication ===> No active profile set, falling back to default profiles: default
2019-05-04 13:25:24.672 [main] V1.0 INFO  o.s.b.w.e.tomcat.TomcatWebServer ===> Tomcat initialized with port(s): 8080 (http)
2019-05-04 13:25:24.685 [main] V1.0 INFO  o.a.coyote.http11.Http11NioProtocol ===> Initializing ProtocolHandler ["http-nio-8080"]
2019-05-04 13:25:24.692 [main] V1.0 INFO  o.a.catalina.core.StandardService ===> Starting service [Tomcat]
2019-05-04 13:25:24.692 [main] V1.0 INFO  o.a.catalina.core.StandardEngine ===> Starting Servlet engine: [Apache Tomcat/9.0.16]
2019-05-04 13:25:24.698 [main] V1.0 INFO  o.a.c.core.AprLifecycleListener ===> The APR based Apache Tomcat Native library which allows optimal performance in production environments was not found on the java.library.path: [C:\Program Files\Java\jdk1.8.0_171\bin;C:\WINDOWS\Sun\Java\bin;C:\WINDOWS\system32;C:\WINDOWS;D:\Oracle\app\oracle\product\11.2.0\server\bin;C:\Program Files (x86)\Common Files\Oracle\Java\javapath;C:\Windows\system32;C:\Windows;C:\Windows\System32\Wbem;C:\Windows\System32\WindowsPowerShell\v1.0\;C:\Program Files (x86)\NVIDIA Corporation\PhysX\Common;C:\Program Files\Intel\WiFi\bin\;C:\Program Files\Common Files\Intel\WirelessCommon\;D:\Program Files\Git\cmd;E:\java\apache-maven-3.5.0\bin;C:\Program Files\Java\jdk1.8.0_171\bin;C:\Program Files\Java\jdk1.8.0_171\jre\bin;C:\WINDOWS\system32;C:\WINDOWS;C:\WINDOWS\System32\Wbem;C:\WINDOWS\System32\WindowsPowerShell\v1.0\;C:\WINDOWS\System32\OpenSSH\;D:\Program Files\TortoiseSVN\bin;C:\Program Files\TortoiseSVN\bin;D:\plsqldeveloper\instantclient_12_2;D:\Program Files\consul；;C:\Users\athena.li\AppData\Local\Microsoft\WindowsApps;;.]
2019-05-04 13:25:24.782 [main] V1.0 INFO  o.a.c.c.C.[Tomcat].[localhost].[/] ===> Initializing Spring embedded WebApplicationContext
2019-05-04 13:25:24.782 [main] V1.0 INFO  o.s.web.context.ContextLoader ===> Root WebApplicationContext: initialization completed in 1224 ms
2019-05-04 13:25:24.998 [main] V1.0 INFO  o.s.s.c.ThreadPoolTaskExecutor ===> Initializing ExecutorService 'applicationTaskExecutor'
2019-05-04 13:25:25.139 [main] V1.0 INFO  o.a.coyote.http11.Http11NioProtocol ===> Starting ProtocolHandler ["http-nio-8080"]
2019-05-04 13:25:25.205 [main] V1.0 INFO  o.s.b.w.e.tomcat.TomcatWebServer ===> Tomcat started on port(s): 8080 (http) with context path ''
2019-05-04 13:25:25.210 [main] V1.0 INFO  com.example.demo.DemoApplication ===> Started DemoApplication in 2.435 seconds (JVM running for 3.387)
2019-05-04 13:25:33.220 [http-nio-8080-exec-1] V1.0 INFO  o.a.c.c.C.[Tomcat].[localhost].[/] ===> Initializing Spring DispatcherServlet 'dispatcherServlet'
2019-05-04 13:25:33.220 [http-nio-8080-exec-1] V1.0 INFO  o.s.web.servlet.DispatcherServlet ===> Initializing Servlet 'dispatcherServlet'
