2019-04-25 22:31:05.560 [main] V1.0 INFO  com.example.demo.DemoApplication ===> Starting DemoApplication on DESKTOP-GUH81E9 with PID 16900 (C:\Users\athena.li\Desktop\demo\target\classes started by athena.li in C:\Users\athena.li\Desktop\demo)
2019-04-25 22:31:05.563 [main] V1.0 INFO  com.example.demo.DemoApplication ===> No active profile set, falling back to default profiles: default
2019-04-25 22:31:06.823 [main] V1.0 INFO  o.s.b.w.e.tomcat.TomcatWebServer ===> Tomcat initialized with port(s): 8080 (http)
2019-04-25 22:31:06.844 [main] V1.0 INFO  o.a.coyote.http11.Http11NioProtocol ===> Initializing ProtocolHandler ["http-nio-8080"]
2019-04-25 22:31:06.855 [main] V1.0 INFO  o.a.catalina.core.StandardService ===> Starting service [Tomcat]
2019-04-25 22:31:06.856 [main] V1.0 INFO  o.a.catalina.core.StandardEngine ===> Starting Servlet engine: [Apache Tomcat/9.0.16]
2019-04-25 22:31:06.865 [main] V1.0 INFO  o.a.c.core.AprLifecycleListener ===> The APR based Apache Tomcat Native library which allows optimal performance in production environments was not found on the java.library.path: [C:\Program Files\Java\jdk1.8.0_171\bin;C:\WINDOWS\Sun\Java\bin;C:\WINDOWS\system32;C:\WINDOWS;D:\Oracle\app\oracle\product\11.2.0\server\bin;C:\Program Files (x86)\Common Files\Oracle\Java\javapath;C:\Windows\system32;C:\Windows;C:\Windows\System32\Wbem;C:\Windows\System32\WindowsPowerShell\v1.0\;C:\Program Files (x86)\NVIDIA Corporation\PhysX\Common;C:\Program Files\Intel\WiFi\bin\;C:\Program Files\Common Files\Intel\WirelessCommon\;D:\Program Files\Git\cmd;E:\java\apache-maven-3.5.0\bin;C:\Program Files\Java\jdk1.8.0_171\bin;C:\Program Files\Java\jdk1.8.0_171\jre\bin;C:\WINDOWS\system32;C:\WINDOWS;C:\WINDOWS\System32\Wbem;C:\WINDOWS\System32\WindowsPowerShell\v1.0\;C:\WINDOWS\System32\OpenSSH\;D:\Program Files\TortoiseSVN\bin;C:\Program Files\TortoiseSVN\bin;D:\plsqldeveloper\instantclient_12_2;D:\Program Files\consul；;C:\Users\athena.li\AppData\Local\Microsoft\WindowsApps;;.]
2019-04-25 22:31:06.980 [main] V1.0 INFO  o.a.c.c.C.[Tomcat].[localhost].[/] ===> Initializing Spring embedded WebApplicationContext
2019-04-25 22:31:06.980 [main] V1.0 INFO  o.s.web.context.ContextLoader ===> Root WebApplicationContext: initialization completed in 1368 ms
2019-04-25 22:31:07.281 [main] V1.0 INFO  o.s.s.c.ThreadPoolTaskExecutor ===> Initializing ExecutorService 'applicationTaskExecutor'
2019-04-25 22:31:07.456 [main] V1.0 INFO  o.a.coyote.http11.Http11NioProtocol ===> Starting ProtocolHandler ["http-nio-8080"]
2019-04-25 22:31:07.515 [main] V1.0 INFO  o.s.b.w.e.tomcat.TomcatWebServer ===> Tomcat started on port(s): 8080 (http) with context path ''
2019-04-25 22:31:07.520 [main] V1.0 INFO  com.example.demo.DemoApplication ===> Started DemoApplication in 2.523 seconds (JVM running for 4.538)
2019-04-25 22:31:33.275 [http-nio-8080-exec-1] V1.0 INFO  o.a.c.c.C.[Tomcat].[localhost].[/] ===> Initializing Spring DispatcherServlet 'dispatcherServlet'
2019-04-25 22:31:33.275 [http-nio-8080-exec-1] V1.0 INFO  o.s.web.servlet.DispatcherServlet ===> Initializing Servlet 'dispatcherServlet'
2019-04-25 22:31:33.283 [http-nio-8080-exec-1] V1.0 INFO  o.s.web.servlet.DispatcherServlet ===> Completed initialization in 8 ms
2019-04-25 22:32:02.498 [main] V1.0 INFO  com.example.demo.DemoApplication ===> Starting DemoApplication on DESKTOP-GUH81E9 with PID 19336 (C:\Users\athena.li\Desktop\demo\target\classes started by athena.li in C:\Users\athena.li\Desktop\demo)
2019-04-25 22:32:02.502 [main] V1.0 INFO  com.example.demo.DemoApplication ===> No active profile set, falling back to default profiles: default
2019-04-25 22:32:03.648 [main] V1.0 INFO  o.s.b.w.e.tomcat.TomcatWebServer ===> Tomcat initialized with port(s): 8080 (http)
2019-04-25 22:32:03.661 [main] V1.0 INFO  o.a.coyote.http11.Http11NioProtocol ===> Initializing ProtocolHandler ["http-nio-8080"]
2019-04-25 22:32:03.670 [main] V1.0 INFO  o.a.catalina.core.StandardService ===> Starting service [Tomcat]
2019-04-25 22:32:03.670 [main] V1.0 INFO  o.a.catalina.core.StandardEngine ===> Starting Servlet engine: [Apache Tomcat/9.0.16]
2019-04-25 22:32:03.677 [main] V1.0 INFO  o.a.c.core.AprLifecycleListener ===> The APR based Apache Tomcat Native library which allows optimal performance in production environments was not found on the java.library.path: [C:\Program Files\Java\jdk1.8.0_171\bin;C:\WINDOWS\Sun\Java\bin;C:\WINDOWS\system32;C:\WINDOWS;D:\Oracle\app\oracle\product\11.2.0\server\bin;C:\Program Files (x86)\Common Files\Oracle\Java\javapath;C:\Windows\system32;C:\Windows;C:\Windows\System32\Wbem;C:\Windows\System32\WindowsPowerShell\v1.0\;C:\Program Files (x86)\NVIDIA Corporation\PhysX\Common;C:\Program Files\Intel\WiFi\bin\;C:\Program Files\Common Files\Intel\WirelessCommon\;D:\Program Files\Git\cmd;E:\java\apache-maven-3.5.0\bin;C:\Program Files\Java\jdk1.8.0_171\bin;C:\Program Files\Java\jdk1.8.0_171\jre\bin;C:\WINDOWS\system32;C:\WINDOWS;C:\WINDOWS\System32\Wbem;C:\WINDOWS\System32\WindowsPowerShell\v1.0\;C:\WINDOWS\System32\OpenSSH\;D:\Program Files\TortoiseSVN\bin;C:\Program Files\TortoiseSVN\bin;D:\plsqldeveloper\instantclient_12_2;D:\Program Files\consul；;C:\Users\athena.li\AppData\Local\Microsoft\WindowsApps;;.]
2019-04-25 22:32:03.769 [main] V1.0 INFO  o.a.c.c.C.[Tomcat].[localhost].[/] ===> Initializing Spring embedded WebApplicationContext
2019-04-25 22:32:03.769 [main] V1.0 INFO  o.s.web.context.ContextLoader ===> Root WebApplicationContext: initialization completed in 1202 ms
2019-04-25 22:32:04.001 [main] V1.0 INFO  o.s.s.c.ThreadPoolTaskExecutor ===> Initializing ExecutorService 'applicationTaskExecutor'
2019-04-25 22:32:04.146 [main] V1.0 INFO  o.a.coyote.http11.Http11NioProtocol ===> Starting ProtocolHandler ["http-nio-8080"]
2019-04-25 22:32:04.186 [main] V1.0 INFO  o.s.b.w.e.tomcat.TomcatWebServer ===> Tomcat started on port(s): 8080 (http) with context path ''
2019-04-25 22:32:04.189 [main] V1.0 INFO  com.example.demo.DemoApplication ===> Started DemoApplication in 2.277 seconds (JVM running for 3.189)
2019-04-25 22:32:27.255 [http-nio-8080-exec-1] V1.0 INFO  o.a.c.c.C.[Tomcat].[localhost].[/] ===> Initializing Spring DispatcherServlet 'dispatcherServlet'
2019-04-25 22:32:27.255 [http-nio-8080-exec-1] V1.0 INFO  o.s.web.servlet.DispatcherServlet ===> Initializing Servlet 'dispatcherServlet'
2019-04-25 22:32:27.263 [http-nio-8080-exec-1] V1.0 INFO  o.s.web.servlet.DispatcherServlet ===> Completed initialization in 8 ms
2019-04-25 22:32:52.828 [main] V1.0 INFO  com.example.demo.DemoApplication ===> Starting DemoApplication on DESKTOP-GUH81E9 with PID 17040 (C:\Users\athena.li\Desktop\demo\target\classes started by athena.li in C:\Users\athena.li\Desktop\demo)
2019-04-25 22:32:52.833 [main] V1.0 INFO  com.example.demo.DemoApplication ===> No active profile set, falling back to default profiles: default
2019-04-25 22:32:54.121 [main] V1.0 INFO  o.s.b.w.e.tomcat.TomcatWebServer ===> Tomcat initialized with port(s): 8080 (http)
2019-04-25 22:32:54.140 [main] V1.0 INFO  o.a.coyote.http11.Http11NioProtocol ===> Initializing ProtocolHandler ["http-nio-8080"]
2019-04-25 22:32:54.150 [main] V1.0 INFO  o.a.catalina.core.StandardService ===> Starting service [Tomcat]
2019-04-25 22:32:54.150 [main] V1.0 INFO  o.a.catalina.core.StandardEngine ===> Starting Servlet engine: [Apache Tomcat/9.0.16]
2019-04-25 22:32:54.158 [main] V1.0 INFO  o.a.c.core.AprLifecycleListener ===> The APR based Apache Tomcat Native library which allows optimal performance in production environments was not found on the java.library.path: [C:\Program Files\Java\jdk1.8.0_171\bin;C:\WINDOWS\Sun\Java\bin;C:\WINDOWS\system32;C:\WINDOWS;D:\Oracle\app\oracle\product\11.2.0\server\bin;C:\Program Files (x86)\Common Files\Oracle\Java\javapath;C:\Windows\system32;C:\Windows;C:\Windows\System32\Wbem;C:\Windows\System32\WindowsPowerShell\v1.0\;C:\Program Files (x86)\NVIDIA Corporation\PhysX\Common;C:\Program Files\Intel\WiFi\bin\;C:\Program Files\Common Files\Intel\WirelessCommon\;D:\Program Files\Git\cmd;E:\java\apache-maven-3.5.0\bin;C:\Program Files\Java\jdk1.8.0_171\bin;C:\Program Files\Java\jdk1.8.0_171\jre\bin;C:\WINDOWS\system32;C:\WINDOWS;C:\WINDOWS\System32\Wbem;C:\WINDOWS\System32\WindowsPowerShell\v1.0\;C:\WINDOWS\System32\OpenSSH\;D:\Program Files\TortoiseSVN\bin;C:\Program Files\TortoiseSVN\bin;D:\plsqldeveloper\instantclient_12_2;D:\Program Files\consul；;C:\Users\athena.li\AppData\Local\Microsoft\WindowsApps;;.]
2019-04-25 22:32:54.269 [main] V1.0 INFO  o.a.c.c.C.[Tomcat].[localhost].[/] ===> Initializing Spring embedded WebApplicationContext
2019-04-25 22:32:54.269 [main] V1.0 INFO  o.s.web.context.ContextLoader ===> Root WebApplicationContext: initialization completed in 1351 ms
2019-04-25 22:32:54.558 [main] V1.0 INFO  o.s.s.c.ThreadPoolTaskExecutor ===> Initializing ExecutorService 'applicationTaskExecutor'
2019-04-25 22:32:54.740 [main] V1.0 INFO  o.a.coyote.http11.Http11NioProtocol ===> Starting ProtocolHandler ["http-nio-8080"]
2019-04-25 22:32:54.794 [main] V1.0 INFO  o.s.b.w.e.tomcat.TomcatWebServer ===> Tomcat started on port(s): 8080 (http) with context path ''
2019-04-25 22:32:54.797 [main] V1.0 INFO  com.example.demo.DemoApplication ===> Started DemoApplication in 2.685 seconds (JVM running for 3.671)
2019-04-25 22:33:06.700 [http-nio-8080-exec-1] V1.0 INFO  o.a.c.c.C.[Tomcat].[localhost].[/] ===> Initializing Spring DispatcherServlet 'dispatcherServlet'
2019-04-25 22:33:06.700 [http-nio-8080-exec-1] V1.0 INFO  o.s.web.servlet.DispatcherServlet ===> Initializing Servlet 'dispatcherServlet'
2019-04-25 22:33:06.708 [http-nio-8080-exec-1] V1.0 INFO  o.s.web.servlet.DispatcherServlet ===> Completed initialization in 8 ms
2019-04-25 22:37:02.444 [main] V1.0 INFO  com.example.demo.DemoApplication ===> Starting DemoApplication on DESKTOP-GUH81E9 with PID 8532 (C:\Users\athena.li\Desktop\demo\target\classes started by athena.li in C:\Users\athena.li\Desktop\demo)
2019-04-25 22:37:02.448 [main] V1.0 INFO  com.example.demo.DemoApplication ===> No active profile set, falling back to default profiles: default
2019-04-25 22:37:03.420 [main] V1.0 INFO  o.s.b.w.e.tomcat.TomcatWebServer ===> Tomcat initialized with port(s): 8080 (http)
2019-04-25 22:37:03.433 [main] V1.0 INFO  o.a.coyote.http11.Http11NioProtocol ===> Initializing ProtocolHandler ["http-nio-8080"]
2019-04-25 22:37:03.441 [main] V1.0 INFO  o.a.catalina.core.StandardService ===> Starting service [Tomcat]
2019-04-25 22:37:03.441 [main] V1.0 INFO  o.a.catalina.core.StandardEngine ===> Starting Servlet engine: [Apache Tomcat/9.0.16]
2019-04-25 22:37:03.447 [main] V1.0 INFO  o.a.c.core.AprLifecycleListener ===> The APR based Apache Tomcat Native library which allows optimal performance in production environments was not found on the java.library.path: [C:\Program Files\Java\jdk1.8.0_171\bin;C:\WINDOWS\Sun\Java\bin;C:\WINDOWS\system32;C:\WINDOWS;D:\Oracle\app\oracle\product\11.2.0\server\bin;C:\Program Files (x86)\Common Files\Oracle\Java\javapath;C:\Windows\system32;C:\Windows;C:\Windows\System32\Wbem;C:\Windows\System32\WindowsPowerShell\v1.0\;C:\Program Files (x86)\NVIDIA Corporation\PhysX\Common;C:\Program Files\Intel\WiFi\bin\;C:\Program Files\Common Files\Intel\WirelessCommon\;D:\Program Files\Git\cmd;E:\java\apache-maven-3.5.0\bin;C:\Program Files\Java\jdk1.8.0_171\bin;C:\Program Files\Java\jdk1.8.0_171\jre\bin;C:\WINDOWS\system32;C:\WINDOWS;C:\WINDOWS\System32\Wbem;C:\WINDOWS\System32\WindowsPowerShell\v1.0\;C:\WINDOWS\System32\OpenSSH\;D:\Program Files\TortoiseSVN\bin;C:\Program Files\TortoiseSVN\bin;D:\plsqldeveloper\instantclient_12_2;D:\Program Files\consul；;C:\Users\athena.li\AppData\Local\Microsoft\WindowsApps;;.]
2019-04-25 22:37:03.541 [main] V1.0 INFO  o.a.c.c.C.[Tomcat].[localhost].[/] ===> Initializing Spring embedded WebApplicationContext
2019-04-25 22:37:03.541 [main] V1.0 INFO  o.s.web.context.ContextLoader ===> Root WebApplicationContext: initialization completed in 1033 ms
2019-04-25 22:37:03.736 [main] V1.0 INFO  o.s.s.c.ThreadPoolTaskExecutor ===> Initializing ExecutorService 'applicationTaskExecutor'
2019-04-25 22:37:03.879 [main] V1.0 INFO  o.a.coyote.http11.Http11NioProtocol ===> Starting ProtocolHandler ["http-nio-8080"]
2019-04-25 22:37:03.924 [main] V1.0 INFO  o.s.b.w.e.tomcat.TomcatWebServer ===> Tomcat started on port(s): 8080 (http) with context path ''
2019-04-25 22:37:03.927 [main] V1.0 INFO  com.example.demo.DemoApplication ===> Started DemoApplication in 2.113 seconds (JVM running for 3.036)
2019-04-25 22:37:18.059 [http-nio-8080-exec-1] V1.0 INFO  o.a.c.c.C.[Tomcat].[localhost].[/] ===> Initializing Spring DispatcherServlet 'dispatcherServlet'
2019-04-25 22:37:18.060 [http-nio-8080-exec-1] V1.0 INFO  o.s.web.servlet.DispatcherServlet ===> Initializing Servlet 'dispatcherServlet'
2019-04-25 22:37:18.068 [http-nio-8080-exec-1] V1.0 INFO  o.s.web.servlet.DispatcherServlet ===> Completed initialization in 8 ms
2019-04-25 22:49:04.724 [main] V1.0 INFO  com.example.demo.DemoApplication ===> Starting DemoApplication on DESKTOP-GUH81E9 with PID 5252 (C:\Users\athena.li\Desktop\demo\target\classes started by athena.li in C:\Users\athena.li\Desktop\demo)
2019-04-25 22:49:04.728 [main] V1.0 INFO  com.example.demo.DemoApplication ===> No active profile set, falling back to default profiles: default
2019-04-25 22:49:05.829 [main] V1.0 INFO  o.s.b.w.e.tomcat.TomcatWebServer ===> Tomcat initialized with port(s): 8080 (http)
2019-04-25 22:49:05.844 [main] V1.0 INFO  o.a.coyote.http11.Http11NioProtocol ===> Initializing ProtocolHandler ["http-nio-8080"]
2019-04-25 22:49:05.853 [main] V1.0 INFO  o.a.catalina.core.StandardService ===> Starting service [Tomcat]
2019-04-25 22:49:05.853 [main] V1.0 INFO  o.a.catalina.core.StandardEngine ===> Starting Servlet engine: [Apache Tomcat/9.0.16]
2019-04-25 22:49:05.859 [main] V1.0 INFO  o.a.c.core.AprLifecycleListener ===> The APR based Apache Tomcat Native library which allows optimal performance in production environments was not found on the java.library.path: [C:\Program Files\Java\jdk1.8.0_171\bin;C:\WINDOWS\Sun\Java\bin;C:\WINDOWS\system32;C:\WINDOWS;D:\Oracle\app\oracle\product\11.2.0\server\bin;C:\Program Files (x86)\Common Files\Oracle\Java\javapath;C:\Windows\system32;C:\Windows;C:\Windows\System32\Wbem;C:\Windows\System32\WindowsPowerShell\v1.0\;C:\Program Files (x86)\NVIDIA Corporation\PhysX\Common;C:\Program Files\Intel\WiFi\bin\;C:\Program Files\Common Files\Intel\WirelessCommon\;D:\Program Files\Git\cmd;E:\java\apache-maven-3.5.0\bin;C:\Program Files\Java\jdk1.8.0_171\bin;C:\Program Files\Java\jdk1.8.0_171\jre\bin;C:\WINDOWS\system32;C:\WINDOWS;C:\WINDOWS\System32\Wbem;C:\WINDOWS\System32\WindowsPowerShell\v1.0\;C:\WINDOWS\System32\OpenSSH\;D:\Program Files\TortoiseSVN\bin;C:\Program Files\TortoiseSVN\bin;D:\plsqldeveloper\instantclient_12_2;D:\Program Files\consul；;C:\Users\athena.li\AppData\Local\Microsoft\WindowsApps;;.]
2019-04-25 22:49:05.947 [main] V1.0 INFO  o.a.c.c.C.[Tomcat].[localhost].[/] ===> Initializing Spring embedded WebApplicationContext
2019-04-25 22:49:05.948 [main] V1.0 INFO  o.s.web.context.ContextLoader ===> Root WebApplicationContext: initialization completed in 1163 ms
2019-04-25 22:49:06.181 [main] V1.0 INFO  o.s.s.c.ThreadPoolTaskExecutor ===> Initializing ExecutorService 'applicationTaskExecutor'
2019-04-25 22:49:06.325 [main] V1.0 INFO  o.a.coyote.http11.Http11NioProtocol ===> Starting ProtocolHandler ["http-nio-8080"]
2019-04-25 22:49:06.374 [main] V1.0 INFO  o.s.b.w.e.tomcat.TomcatWebServer ===> Tomcat started on port(s): 8080 (http) with context path ''
2019-04-25 22:49:06.377 [main] V1.0 INFO  com.example.demo.DemoApplication ===> Started DemoApplication in 2.34 seconds (JVM running for 3.23)
2019-04-25 22:49:31.561 [http-nio-8080-exec-1] V1.0 INFO  o.a.c.c.C.[Tomcat].[localhost].[/] ===> Initializing Spring DispatcherServlet 'dispatcherServlet'
2019-04-25 22:49:31.562 [http-nio-8080-exec-1] V1.0 INFO  o.s.web.servlet.DispatcherServlet ===> Initializing Servlet 'dispatcherServlet'
2019-04-25 22:49:31.572 [http-nio-8080-exec-1] V1.0 INFO  o.s.web.servlet.DispatcherServlet ===> Completed initialization in 10 ms
2019-04-25 22:50:32.186 [main] V1.0 INFO  com.example.demo.DemoApplication ===> Starting DemoApplication on DESKTOP-GUH81E9 with PID 2384 (C:\Users\athena.li\Desktop\demo\target\classes started by athena.li in C:\Users\athena.li\Desktop\demo)
2019-04-25 22:50:32.191 [main] V1.0 INFO  com.example.demo.DemoApplication ===> No active profile set, falling back to default profiles: default
2019-04-25 22:50:33.212 [main] V1.0 INFO  o.s.b.w.e.tomcat.TomcatWebServer ===> Tomcat initialized with port(s): 8080 (http)
2019-04-25 22:50:33.226 [main] V1.0 INFO  o.a.coyote.http11.Http11NioProtocol ===> Initializing ProtocolHandler ["http-nio-8080"]
2019-04-25 22:50:33.234 [main] V1.0 INFO  o.a.catalina.core.StandardService ===> Starting service [Tomcat]
2019-04-25 22:50:33.234 [main] V1.0 INFO  o.a.catalina.core.StandardEngine ===> Starting Servlet engine: [Apache Tomcat/9.0.16]
2019-04-25 22:50:33.242 [main] V1.0 INFO  o.a.c.core.AprLifecycleListener ===> The APR based Apache Tomcat Native library which allows optimal performance in production environments was not found on the java.library.path: [C:\Program Files\Java\jdk1.8.0_171\bin;C:\WINDOWS\Sun\Java\bin;C:\WINDOWS\system32;C:\WINDOWS;D:\Oracle\app\oracle\product\11.2.0\server\bin;C:\Program Files (x86)\Common Files\Oracle\Java\javapath;C:\Windows\system32;C:\Windows;C:\Windows\System32\Wbem;C:\Windows\System32\WindowsPowerShell\v1.0\;C:\Program Files (x86)\NVIDIA Corporation\PhysX\Common;C:\Program Files\Intel\WiFi\bin\;C:\Program Files\Common Files\Intel\WirelessCommon\;D:\Program Files\Git\cmd;E:\java\apache-maven-3.5.0\bin;C:\Program Files\Java\jdk1.8.0_171\bin;C:\Program Files\Java\jdk1.8.0_171\jre\bin;C:\WINDOWS\system32;C:\WINDOWS;C:\WINDOWS\System32\Wbem;C:\WINDOWS\System32\WindowsPowerShell\v1.0\;C:\WINDOWS\System32\OpenSSH\;D:\Program Files\TortoiseSVN\bin;C:\Program Files\TortoiseSVN\bin;D:\plsqldeveloper\instantclient_12_2;D:\Program Files\consul；;C:\Users\athena.li\AppData\Local\Microsoft\WindowsApps;;.]
2019-04-25 22:50:33.341 [main] V1.0 INFO  o.a.c.c.C.[Tomcat].[localhost].[/] ===> Initializing Spring embedded WebApplicationContext
2019-04-25 22:50:33.342 [main] V1.0 INFO  o.s.web.context.ContextLoader ===> Root WebApplicationContext: initialization completed in 1090 ms
2019-04-25 22:50:33.602 [main] V1.0 INFO  o.s.s.c.ThreadPoolTaskExecutor ===> Initializing ExecutorService 'applicationTaskExecutor'
2019-04-25 22:50:33.776 [main] V1.0 INFO  o.a.coyote.http11.Http11NioProtocol ===> Starting ProtocolHandler ["http-nio-8080"]
2019-04-25 22:50:33.823 [main] V1.0 INFO  o.s.b.w.e.tomcat.TomcatWebServer ===> Tomcat started on port(s): 8080 (http) with context path ''
2019-04-25 22:50:33.827 [main] V1.0 INFO  com.example.demo.DemoApplication ===> Started DemoApplication in 2.29 seconds (JVM running for 3.277)
2019-04-25 22:50:38.202 [http-nio-8080-exec-1] V1.0 INFO  o.a.c.c.C.[Tomcat].[localhost].[/] ===> Initializing Spring DispatcherServlet 'dispatcherServlet'
2019-04-25 22:50:38.202 [http-nio-8080-exec-1] V1.0 INFO  o.s.web.servlet.DispatcherServlet ===> Initializing Servlet 'dispatcherServlet'
2019-04-25 22:50:38.211 [http-nio-8080-exec-1] V1.0 INFO  o.s.web.servlet.DispatcherServlet ===> Completed initialization in 9 ms
2019-04-25 22:50:38.234 [http-nio-8080-exec-1] V1.0 WARN  o.s.w.s.m.s.DefaultHandlerExceptionResolver ===> Resolved [org.springframework.web.HttpRequestMethodNotSupportedException: Request method 'GET' not supported]
2019-04-25 22:50:39.855 [http-nio-8080-exec-3] V1.0 WARN  o.s.w.s.m.s.DefaultHandlerExceptionResolver ===> Resolved [org.springframework.web.HttpRequestMethodNotSupportedException: Request method 'GET' not supported]
2019-04-25 22:54:33.919 [main] V1.0 INFO  com.example.demo.DemoApplication ===> Starting DemoApplication on DESKTOP-GUH81E9 with PID 3864 (C:\Users\athena.li\Desktop\demo\target\classes started by athena.li in C:\Users\athena.li\Desktop\demo)
2019-04-25 22:54:33.925 [main] V1.0 INFO  com.example.demo.DemoApplication ===> No active profile set, falling back to default profiles: default
2019-04-25 22:54:35.351 [main] V1.0 INFO  o.s.b.w.e.tomcat.TomcatWebServer ===> Tomcat initialized with port(s): 8080 (http)
2019-04-25 22:54:35.368 [main] V1.0 INFO  o.a.coyote.http11.Http11NioProtocol ===> Initializing ProtocolHandler ["http-nio-8080"]
2019-04-25 22:54:35.377 [main] V1.0 INFO  o.a.catalina.core.StandardService ===> Starting service [Tomcat]
2019-04-25 22:54:35.378 [main] V1.0 INFO  o.a.catalina.core.StandardEngine ===> Starting Servlet engine: [Apache Tomcat/9.0.16]
2019-04-25 22:54:35.386 [main] V1.0 INFO  o.a.c.core.AprLifecycleListener ===> The APR based Apache Tomcat Native library which allows optimal performance in production environments was not found on the java.library.path: [C:\Program Files\Java\jdk1.8.0_171\bin;C:\WINDOWS\Sun\Java\bin;C:\WINDOWS\system32;C:\WINDOWS;D:\Oracle\app\oracle\product\11.2.0\server\bin;C:\Program Files (x86)\Common Files\Oracle\Java\javapath;C:\Windows\system32;C:\Windows;C:\Windows\System32\Wbem;C:\Windows\System32\WindowsPowerShell\v1.0\;C:\Program Files (x86)\NVIDIA Corporation\PhysX\Common;C:\Program Files\Intel\WiFi\bin\;C:\Program Files\Common Files\Intel\WirelessCommon\;D:\Program Files\Git\cmd;E:\java\apache-maven-3.5.0\bin;C:\Program Files\Java\jdk1.8.0_171\bin;C:\Program Files\Java\jdk1.8.0_171\jre\bin;C:\WINDOWS\system32;C:\WINDOWS;C:\WINDOWS\System32\Wbem;C:\WINDOWS\System32\WindowsPowerShell\v1.0\;C:\WINDOWS\System32\OpenSSH\;D:\Program Files\TortoiseSVN\bin;C:\Program Files\TortoiseSVN\bin;D:\plsqldeveloper\instantclient_12_2;D:\Program Files\consul；;C:\Users\athena.li\AppData\Local\Microsoft\WindowsApps;;.]
2019-04-25 22:54:35.492 [main] V1.0 INFO  o.a.c.c.C.[Tomcat].[localhost].[/] ===> Initializing Spring embedded WebApplicationContext
2019-04-25 22:54:35.492 [main] V1.0 INFO  o.s.web.context.ContextLoader ===> Root WebApplicationContext: initialization completed in 1478 ms
2019-04-25 22:54:35.752 [main] V1.0 INFO  o.s.s.c.ThreadPoolTaskExecutor ===> Initializing ExecutorService 'applicationTaskExecutor'
2019-04-25 22:54:35.929 [main] V1.0 INFO  o.a.coyote.http11.Http11NioProtocol ===> Starting ProtocolHandler ["http-nio-8080"]
2019-04-25 22:54:35.995 [main] V1.0 INFO  o.s.b.w.e.tomcat.TomcatWebServer ===> Tomcat started on port(s): 8080 (http) with context path ''
2019-04-25 22:54:35.998 [main] V1.0 INFO  com.example.demo.DemoApplication ===> Started DemoApplication in 2.906 seconds (JVM running for 4.131)
2019-04-25 22:54:48.054 [http-nio-8080-exec-1] V1.0 INFO  o.a.c.c.C.[Tomcat].[localhost].[/] ===> Initializing Spring DispatcherServlet 'dispatcherServlet'
2019-04-25 22:54:48.054 [http-nio-8080-exec-1] V1.0 INFO  o.s.web.servlet.DispatcherServlet ===> Initializing Servlet 'dispatcherServlet'
2019-04-25 22:54:48.062 [http-nio-8080-exec-1] V1.0 INFO  o.s.web.servlet.DispatcherServlet ===> Completed initialization in 8 ms
2019-04-25 22:56:40.132 [main] V1.0 INFO  com.example.demo.DemoApplication ===> Starting DemoApplication on DESKTOP-GUH81E9 with PID 12472 (C:\Users\athena.li\Desktop\demo\target\classes started by athena.li in C:\Users\athena.li\Desktop\demo)
2019-04-25 22:56:40.136 [main] V1.0 INFO  com.example.demo.DemoApplication ===> No active profile set, falling back to default profiles: default
2019-04-25 22:56:42.026 [main] V1.0 INFO  o.s.b.w.e.tomcat.TomcatWebServer ===> Tomcat initialized with port(s): 8080 (http)
2019-04-25 22:56:42.046 [main] V1.0 INFO  o.a.coyote.http11.Http11NioProtocol ===> Initializing ProtocolHandler ["http-nio-8080"]
2019-04-25 22:56:42.057 [main] V1.0 INFO  o.a.catalina.core.StandardService ===> Starting service [Tomcat]
2019-04-25 22:56:42.057 [main] V1.0 INFO  o.a.catalina.core.StandardEngine ===> Starting Servlet engine: [Apache Tomcat/9.0.16]
2019-04-25 22:56:42.065 [main] V1.0 INFO  o.a.c.core.AprLifecycleListener ===> The APR based Apache Tomcat Native library which allows optimal performance in production environments was not found on the java.library.path: [C:\Program Files\Java\jdk1.8.0_171\bin;C:\WINDOWS\Sun\Java\bin;C:\WINDOWS\system32;C:\WINDOWS;D:\Oracle\app\oracle\product\11.2.0\server\bin;C:\Program Files (x86)\Common Files\Oracle\Java\javapath;C:\Windows\system32;C:\Windows;C:\Windows\System32\Wbem;C:\Windows\System32\WindowsPowerShell\v1.0\;C:\Program Files (x86)\NVIDIA Corporation\PhysX\Common;C:\Program Files\Intel\WiFi\bin\;C:\Program Files\Common Files\Intel\WirelessCommon\;D:\Program Files\Git\cmd;E:\java\apache-maven-3.5.0\bin;C:\Program Files\Java\jdk1.8.0_171\bin;C:\Program Files\Java\jdk1.8.0_171\jre\bin;C:\WINDOWS\system32;C:\WINDOWS;C:\WINDOWS\System32\Wbem;C:\WINDOWS\System32\WindowsPowerShell\v1.0\;C:\WINDOWS\System32\OpenSSH\;D:\Program Files\TortoiseSVN\bin;C:\Program Files\TortoiseSVN\bin;D:\plsqldeveloper\instantclient_12_2;D:\Program Files\consul；;C:\Users\athena.li\AppData\Local\Microsoft\WindowsApps;;.]
2019-04-25 22:56:42.198 [main] V1.0 INFO  o.a.c.c.C.[Tomcat].[localhost].[/] ===> Initializing Spring embedded WebApplicationContext
2019-04-25 22:56:42.198 [main] V1.0 INFO  o.s.web.context.ContextLoader ===> Root WebApplicationContext: initialization completed in 2006 ms
2019-04-25 22:56:42.584 [main] V1.0 INFO  o.s.s.c.ThreadPoolTaskExecutor ===> Initializing ExecutorService 'applicationTaskExecutor'
2019-04-25 22:56:42.818 [main] V1.0 INFO  o.a.coyote.http11.Http11NioProtocol ===> Starting ProtocolHandler ["http-nio-8080"]
2019-04-25 22:56:42.886 [main] V1.0 INFO  o.s.b.w.e.tomcat.TomcatWebServer ===> Tomcat started on port(s): 8080 (http) with context path ''
2019-04-25 22:56:42.890 [main] V1.0 INFO  com.example.demo.DemoApplication ===> Started DemoApplication in 3.456 seconds (JVM running for 4.614)
2019-04-25 22:56:54.924 [http-nio-8080-exec-1] V1.0 INFO  o.a.c.c.C.[Tomcat].[localhost].[/] ===> Initializing Spring DispatcherServlet 'dispatcherServlet'
2019-04-25 22:56:54.924 [http-nio-8080-exec-1] V1.0 INFO  o.s.web.servlet.DispatcherServlet ===> Initializing Servlet 'dispatcherServlet'
2019-04-25 22:56:54.934 [http-nio-8080-exec-1] V1.0 INFO  o.s.web.servlet.DispatcherServlet ===> Completed initialization in 10 ms
2019-04-25 23:02:49.916 [main] V1.0 INFO  com.example.demo.DemoApplication ===> Starting DemoApplication on DESKTOP-GUH81E9 with PID 10492 (C:\Users\athena.li\Desktop\demo\target\classes started by athena.li in C:\Users\athena.li\Desktop\demo)
2019-04-25 23:02:49.923 [main] V1.0 INFO  com.example.demo.DemoApplication ===> No active profile set, falling back to default profiles: default
2019-04-25 23:02:56.402 [main] V1.0 INFO  com.example.demo.DemoApplication ===> Starting DemoApplication on DESKTOP-GUH81E9 with PID 18472 (C:\Users\athena.li\Desktop\demo\target\classes started by athena.li in C:\Users\athena.li\Desktop\demo)
2019-04-25 23:02:56.407 [main] V1.0 INFO  com.example.demo.DemoApplication ===> No active profile set, falling back to default profiles: default
2019-04-25 23:02:57.743 [main] V1.0 INFO  o.s.b.w.e.tomcat.TomcatWebServer ===> Tomcat initialized with port(s): 8080 (http)
2019-04-25 23:02:57.759 [main] V1.0 INFO  o.a.coyote.http11.Http11NioProtocol ===> Initializing ProtocolHandler ["http-nio-8080"]
2019-04-25 23:02:57.769 [main] V1.0 INFO  o.a.catalina.core.StandardService ===> Starting service [Tomcat]
2019-04-25 23:02:57.770 [main] V1.0 INFO  o.a.catalina.core.StandardEngine ===> Starting Servlet engine: [Apache Tomcat/9.0.16]
2019-04-25 23:02:57.778 [main] V1.0 INFO  o.a.c.core.AprLifecycleListener ===> The APR based Apache Tomcat Native library which allows optimal performance in production environments was not found on the java.library.path: [C:\Program Files\Java\jdk1.8.0_171\bin;C:\WINDOWS\Sun\Java\bin;C:\WINDOWS\system32;C:\WINDOWS;D:\Oracle\app\oracle\product\11.2.0\server\bin;C:\Program Files (x86)\Common Files\Oracle\Java\javapath;C:\Windows\system32;C:\Windows;C:\Windows\System32\Wbem;C:\Windows\System32\WindowsPowerShell\v1.0\;C:\Program Files (x86)\NVIDIA Corporation\PhysX\Common;C:\Program Files\Intel\WiFi\bin\;C:\Program Files\Common Files\Intel\WirelessCommon\;D:\Program Files\Git\cmd;E:\java\apache-maven-3.5.0\bin;C:\Program Files\Java\jdk1.8.0_171\bin;C:\Program Files\Java\jdk1.8.0_171\jre\bin;C:\WINDOWS\system32;C:\WINDOWS;C:\WINDOWS\System32\Wbem;C:\WINDOWS\System32\WindowsPowerShell\v1.0\;C:\WINDOWS\System32\OpenSSH\;D:\Program Files\TortoiseSVN\bin;C:\Program Files\TortoiseSVN\bin;D:\plsqldeveloper\instantclient_12_2;D:\Program Files\consul；;C:\Users\athena.li\AppData\Local\Microsoft\WindowsApps;;.]
2019-04-25 23:02:57.890 [main] V1.0 INFO  o.a.c.c.C.[Tomcat].[localhost].[/] ===> Initializing Spring embedded WebApplicationContext
2019-04-25 23:02:57.891 [main] V1.0 INFO  o.s.web.context.ContextLoader ===> Root WebApplicationContext: initialization completed in 1405 ms
2019-04-25 23:02:58.145 [main] V1.0 INFO  o.s.s.c.ThreadPoolTaskExecutor ===> Initializing ExecutorService 'applicationTaskExecutor'
2019-04-25 23:02:58.320 [main] V1.0 INFO  o.a.coyote.http11.Http11NioProtocol ===> Starting ProtocolHandler ["http-nio-8080"]
2019-04-25 23:02:58.386 [main] V1.0 INFO  o.s.b.w.e.tomcat.TomcatWebServer ===> Tomcat started on port(s): 8080 (http) with context path ''
2019-04-25 23:02:58.390 [main] V1.0 INFO  com.example.demo.DemoApplication ===> Started DemoApplication in 2.749 seconds (JVM running for 3.852)
2019-04-25 23:03:10.005 [http-nio-8080-exec-1] V1.0 INFO  o.a.c.c.C.[Tomcat].[localhost].[/] ===> Initializing Spring DispatcherServlet 'dispatcherServlet'
2019-04-25 23:03:10.006 [http-nio-8080-exec-1] V1.0 INFO  o.s.web.servlet.DispatcherServlet ===> Initializing Servlet 'dispatcherServlet'
2019-04-25 23:03:10.013 [http-nio-8080-exec-1] V1.0 INFO  o.s.web.servlet.DispatcherServlet ===> Completed initialization in 6 ms
2019-04-25 23:19:01.398 [main] V1.0 INFO  com.example.demo.DemoApplication ===> Starting DemoApplication on DESKTOP-GUH81E9 with PID 17536 (C:\Users\athena.li\Desktop\demo\target\classes started by athena.li in C:\Users\athena.li\Desktop\demo)
2019-04-25 23:19:01.402 [main] V1.0 INFO  com.example.demo.DemoApplication ===> No active profile set, falling back to default profiles: default
2019-04-25 23:19:02.263 [main] V1.0 INFO  o.s.b.w.e.tomcat.TomcatWebServer ===> Tomcat initialized with port(s): 8080 (http)
2019-04-25 23:19:02.276 [main] V1.0 INFO  o.a.coyote.http11.Http11NioProtocol ===> Initializing ProtocolHandler ["http-nio-8080"]
2019-04-25 23:19:02.283 [main] V1.0 INFO  o.a.catalina.core.StandardService ===> Starting service [Tomcat]
2019-04-25 23:19:02.283 [main] V1.0 INFO  o.a.catalina.core.StandardEngine ===> Starting Servlet engine: [Apache Tomcat/9.0.16]
2019-04-25 23:19:02.289 [main] V1.0 INFO  o.a.c.core.AprLifecycleListener ===> The APR based Apache Tomcat Native library which allows optimal performance in production environments was not found on the java.library.path: [C:\Program Files\Java\jdk1.8.0_171\bin;C:\WINDOWS\Sun\Java\bin;C:\WINDOWS\system32;C:\WINDOWS;D:\Oracle\app\oracle\product\11.2.0\server\bin;C:\Program Files (x86)\Common Files\Oracle\Java\javapath;C:\Windows\system32;C:\Windows;C:\Windows\System32\Wbem;C:\Windows\System32\WindowsPowerShell\v1.0\;C:\Program Files (x86)\NVIDIA Corporation\PhysX\Common;C:\Program Files\Intel\WiFi\bin\;C:\Program Files\Common Files\Intel\WirelessCommon\;D:\Program Files\Git\cmd;E:\java\apache-maven-3.5.0\bin;C:\Program Files\Java\jdk1.8.0_171\bin;C:\Program Files\Java\jdk1.8.0_171\jre\bin;C:\WINDOWS\system32;C:\WINDOWS;C:\WINDOWS\System32\Wbem;C:\WINDOWS\System32\WindowsPowerShell\v1.0\;C:\WINDOWS\System32\OpenSSH\;D:\Program Files\TortoiseSVN\bin;C:\Program Files\TortoiseSVN\bin;D:\plsqldeveloper\instantclient_12_2;D:\Program Files\consul；;C:\Users\athena.li\AppData\Local\Microsoft\WindowsApps;;.]
2019-04-25 23:19:02.359 [main] V1.0 INFO  o.a.c.c.C.[Tomcat].[localhost].[/] ===> Initializing Spring embedded WebApplicationContext
2019-04-25 23:19:02.359 [main] V1.0 INFO  o.s.web.context.ContextLoader ===> Root WebApplicationContext: initialization completed in 914 ms
2019-04-25 23:19:02.550 [main] V1.0 INFO  o.s.s.c.ThreadPoolTaskExecutor ===> Initializing ExecutorService 'applicationTaskExecutor'
2019-04-25 23:19:02.684 [main] V1.0 INFO  o.a.coyote.http11.Http11NioProtocol ===> Starting ProtocolHandler ["http-nio-8080"]
2019-04-25 23:19:02.727 [main] V1.0 INFO  o.s.b.w.e.tomcat.TomcatWebServer ===> Tomcat started on port(s): 8080 (http) with context path ''
2019-04-25 23:19:02.730 [main] V1.0 INFO  com.example.demo.DemoApplication ===> Started DemoApplication in 1.843 seconds (JVM running for 2.557)
2019-04-25 23:19:10.469 [http-nio-8080-exec-1] V1.0 INFO  o.a.c.c.C.[Tomcat].[localhost].[/] ===> Initializing Spring DispatcherServlet 'dispatcherServlet'
2019-04-25 23:19:10.469 [http-nio-8080-exec-1] V1.0 INFO  o.s.web.servlet.DispatcherServlet ===> Initializing Servlet 'dispatcherServlet'
2019-04-25 23:19:10.475 [http-nio-8080-exec-1] V1.0 INFO  o.s.web.servlet.DispatcherServlet ===> Completed initialization in 6 ms
2019-04-25 23:26:31.607 [main] V1.0 INFO  com.example.demo.DemoApplication ===> Starting DemoApplication on DESKTOP-GUH81E9 with PID 7644 (C:\Users\athena.li\Desktop\demo\target\classes started by athena.li in C:\Users\athena.li\Desktop\demo)
2019-04-25 23:26:31.610 [main] V1.0 INFO  com.example.demo.DemoApplication ===> No active profile set, falling back to default profiles: default
2019-04-25 23:26:32.501 [main] V1.0 INFO  o.s.b.w.e.tomcat.TomcatWebServer ===> Tomcat initialized with port(s): 8080 (http)
2019-04-25 23:26:32.512 [main] V1.0 INFO  o.a.coyote.http11.Http11NioProtocol ===> Initializing ProtocolHandler ["http-nio-8080"]
2019-04-25 23:26:32.520 [main] V1.0 INFO  o.a.catalina.core.StandardService ===> Starting service [Tomcat]
2019-04-25 23:26:32.520 [main] V1.0 INFO  o.a.catalina.core.StandardEngine ===> Starting Servlet engine: [Apache Tomcat/9.0.16]
2019-04-25 23:26:32.526 [main] V1.0 INFO  o.a.c.core.AprLifecycleListener ===> The APR based Apache Tomcat Native library which allows optimal performance in production environments was not found on the java.library.path: [C:\Program Files\Java\jdk1.8.0_171\bin;C:\WINDOWS\Sun\Java\bin;C:\WINDOWS\system32;C:\WINDOWS;D:\Oracle\app\oracle\product\11.2.0\server\bin;C:\Program Files (x86)\Common Files\Oracle\Java\javapath;C:\Windows\system32;C:\Windows;C:\Windows\System32\Wbem;C:\Windows\System32\WindowsPowerShell\v1.0\;C:\Program Files (x86)\NVIDIA Corporation\PhysX\Common;C:\Program Files\Intel\WiFi\bin\;C:\Program Files\Common Files\Intel\WirelessCommon\;D:\Program Files\Git\cmd;E:\java\apache-maven-3.5.0\bin;C:\Program Files\Java\jdk1.8.0_171\bin;C:\Program Files\Java\jdk1.8.0_171\jre\bin;C:\WINDOWS\system32;C:\WINDOWS;C:\WINDOWS\System32\Wbem;C:\WINDOWS\System32\WindowsPowerShell\v1.0\;C:\WINDOWS\System32\OpenSSH\;D:\Program Files\TortoiseSVN\bin;C:\Program Files\TortoiseSVN\bin;D:\plsqldeveloper\instantclient_12_2;D:\Program Files\consul；;C:\Users\athena.li\AppData\Local\Microsoft\WindowsApps;;.]
2019-04-25 23:26:32.605 [main] V1.0 INFO  o.a.c.c.C.[Tomcat].[localhost].[/] ===> Initializing Spring embedded WebApplicationContext
2019-04-25 23:26:32.605 [main] V1.0 INFO  o.s.web.context.ContextLoader ===> Root WebApplicationContext: initialization completed in 949 ms
2019-04-25 23:26:32.773 [main] V1.0 INFO  o.s.s.c.ThreadPoolTaskExecutor ===> Initializing ExecutorService 'applicationTaskExecutor'
2019-04-25 23:26:32.904 [main] V1.0 INFO  o.a.coyote.http11.Http11NioProtocol ===> Starting ProtocolHandler ["http-nio-8080"]
2019-04-25 23:26:32.951 [main] V1.0 INFO  o.s.b.w.e.tomcat.TomcatWebServer ===> Tomcat started on port(s): 8080 (http) with context path ''
2019-04-25 23:26:32.954 [main] V1.0 INFO  com.example.demo.DemoApplication ===> Started DemoApplication in 1.929 seconds (JVM running for 2.698)
2019-04-25 23:26:43.945 [http-nio-8080-exec-1] V1.0 INFO  o.a.c.c.C.[Tomcat].[localhost].[/] ===> Initializing Spring DispatcherServlet 'dispatcherServlet'
2019-04-25 23:26:43.945 [http-nio-8080-exec-1] V1.0 INFO  o.s.web.servlet.DispatcherServlet ===> Initializing Servlet 'dispatcherServlet'
2019-04-25 23:26:43.950 [http-nio-8080-exec-1] V1.0 INFO  o.s.web.servlet.DispatcherServlet ===> Completed initialization in 5 ms
2019-04-25 23:36:25.200 [main] V1.0 INFO  com.example.demo.DemoApplication ===> Starting DemoApplication on DESKTOP-GUH81E9 with PID 14908 (C:\Users\athena.li\Desktop\demo\target\classes started by athena.li in C:\Users\athena.li\Desktop\demo)
2019-04-25 23:36:25.204 [main] V1.0 INFO  com.example.demo.DemoApplication ===> No active profile set, falling back to default profiles: default
2019-04-25 23:36:26.165 [main] V1.0 INFO  o.s.b.w.e.tomcat.TomcatWebServer ===> Tomcat initialized with port(s): 8080 (http)
2019-04-25 23:36:26.176 [main] V1.0 INFO  o.a.coyote.http11.Http11NioProtocol ===> Initializing ProtocolHandler ["http-nio-8080"]
2019-04-25 23:36:26.182 [main] V1.0 INFO  o.a.catalina.core.StandardService ===> Starting service [Tomcat]
2019-04-25 23:36:26.183 [main] V1.0 INFO  o.a.catalina.core.StandardEngine ===> Starting Servlet engine: [Apache Tomcat/9.0.16]
2019-04-25 23:36:26.188 [main] V1.0 INFO  o.a.c.core.AprLifecycleListener ===> The APR based Apache Tomcat Native library which allows optimal performance in production environments was not found on the java.library.path: [C:\Program Files\Java\jdk1.8.0_171\bin;C:\WINDOWS\Sun\Java\bin;C:\WINDOWS\system32;C:\WINDOWS;D:\Oracle\app\oracle\product\11.2.0\server\bin;C:\Program Files (x86)\Common Files\Oracle\Java\javapath;C:\Windows\system32;C:\Windows;C:\Windows\System32\Wbem;C:\Windows\System32\WindowsPowerShell\v1.0\;C:\Program Files (x86)\NVIDIA Corporation\PhysX\Common;C:\Program Files\Intel\WiFi\bin\;C:\Program Files\Common Files\Intel\WirelessCommon\;D:\Program Files\Git\cmd;E:\java\apache-maven-3.5.0\bin;C:\Program Files\Java\jdk1.8.0_171\bin;C:\Program Files\Java\jdk1.8.0_171\jre\bin;C:\WINDOWS\system32;C:\WINDOWS;C:\WINDOWS\System32\Wbem;C:\WINDOWS\System32\WindowsPowerShell\v1.0\;C:\WINDOWS\System32\OpenSSH\;D:\Program Files\TortoiseSVN\bin;C:\Program Files\TortoiseSVN\bin;D:\plsqldeveloper\instantclient_12_2;D:\Program Files\consul；;C:\Users\athena.li\AppData\Local\Microsoft\WindowsApps;;.]
2019-04-25 23:36:26.260 [main] V1.0 INFO  o.a.c.c.C.[Tomcat].[localhost].[/] ===> Initializing Spring embedded WebApplicationContext
2019-04-25 23:36:26.260 [main] V1.0 INFO  o.s.web.context.ContextLoader ===> Root WebApplicationContext: initialization completed in 1000 ms
2019-04-25 23:36:26.474 [main] V1.0 INFO  o.s.s.c.ThreadPoolTaskExecutor ===> Initializing ExecutorService 'applicationTaskExecutor'
2019-04-25 23:36:26.629 [main] V1.0 INFO  o.a.coyote.http11.Http11NioProtocol ===> Starting ProtocolHandler ["http-nio-8080"]
2019-04-25 23:36:26.672 [main] V1.0 INFO  o.s.b.w.e.tomcat.TomcatWebServer ===> Tomcat started on port(s): 8080 (http) with context path ''
2019-04-25 23:36:26.675 [main] V1.0 INFO  com.example.demo.DemoApplication ===> Started DemoApplication in 2.04 seconds (JVM running for 2.89)
2019-04-25 23:36:34.279 [http-nio-8080-exec-1] V1.0 INFO  o.a.c.c.C.[Tomcat].[localhost].[/] ===> Initializing Spring DispatcherServlet 'dispatcherServlet'
2019-04-25 23:36:34.279 [http-nio-8080-exec-1] V1.0 INFO  o.s.web.servlet.DispatcherServlet ===> Initializing Servlet 'dispatcherServlet'
2019-04-25 23:36:34.285 [http-nio-8080-exec-1] V1.0 INFO  o.s.web.servlet.DispatcherServlet ===> Completed initialization in 5 ms
2019-04-25 23:42:06.049 [main] V1.0 INFO  com.example.demo.DemoApplication ===> Starting DemoApplication on DESKTOP-GUH81E9 with PID 9816 (C:\Users\athena.li\Desktop\demo\target\classes started by athena.li in C:\Users\athena.li\Desktop\demo)
2019-04-25 23:42:06.054 [main] V1.0 INFO  com.example.demo.DemoApplication ===> No active profile set, falling back to default profiles: default
2019-04-25 23:42:07.093 [main] V1.0 INFO  o.s.b.w.e.tomcat.TomcatWebServer ===> Tomcat initialized with port(s): 8080 (http)
2019-04-25 23:42:07.114 [main] V1.0 INFO  o.a.coyote.http11.Http11NioProtocol ===> Initializing ProtocolHandler ["http-nio-8080"]
2019-04-25 23:42:07.129 [main] V1.0 INFO  o.a.catalina.core.StandardService ===> Starting service [Tomcat]
2019-04-25 23:42:07.130 [main] V1.0 INFO  o.a.catalina.core.StandardEngine ===> Starting Servlet engine: [Apache Tomcat/9.0.16]
2019-04-25 23:42:07.142 [main] V1.0 INFO  o.a.c.core.AprLifecycleListener ===> The APR based Apache Tomcat Native library which allows optimal performance in production environments was not found on the java.library.path: [C:\Program Files\Java\jdk1.8.0_171\bin;C:\WINDOWS\Sun\Java\bin;C:\WINDOWS\system32;C:\WINDOWS;D:\Oracle\app\oracle\product\11.2.0\server\bin;C:\Program Files (x86)\Common Files\Oracle\Java\javapath;C:\Windows\system32;C:\Windows;C:\Windows\System32\Wbem;C:\Windows\System32\WindowsPowerShell\v1.0\;C:\Program Files (x86)\NVIDIA Corporation\PhysX\Common;C:\Program Files\Intel\WiFi\bin\;C:\Program Files\Common Files\Intel\WirelessCommon\;D:\Program Files\Git\cmd;E:\java\apache-maven-3.5.0\bin;C:\Program Files\Java\jdk1.8.0_171\bin;C:\Program Files\Java\jdk1.8.0_171\jre\bin;C:\WINDOWS\system32;C:\WINDOWS;C:\WINDOWS\System32\Wbem;C:\WINDOWS\System32\WindowsPowerShell\v1.0\;C:\WINDOWS\System32\OpenSSH\;D:\Program Files\TortoiseSVN\bin;C:\Program Files\TortoiseSVN\bin;D:\plsqldeveloper\instantclient_12_2;D:\Program Files\consul；;C:\Users\athena.li\AppData\Local\Microsoft\WindowsApps;;.]
2019-04-25 23:42:07.267 [main] V1.0 INFO  o.a.c.c.C.[Tomcat].[localhost].[/] ===> Initializing Spring embedded WebApplicationContext
2019-04-25 23:42:07.268 [main] V1.0 INFO  o.s.web.context.ContextLoader ===> Root WebApplicationContext: initialization completed in 1163 ms
2019-04-25 23:42:07.524 [main] V1.0 INFO  o.s.s.c.ThreadPoolTaskExecutor ===> Initializing ExecutorService 'applicationTaskExecutor'
2019-04-25 23:42:07.642 [main] V1.0 INFO  o.a.coyote.http11.Http11NioProtocol ===> Starting ProtocolHandler ["http-nio-8080"]
2019-04-25 23:42:07.684 [main] V1.0 INFO  o.s.b.w.e.tomcat.TomcatWebServer ===> Tomcat started on port(s): 8080 (http) with context path ''
2019-04-25 23:42:07.687 [main] V1.0 INFO  com.example.demo.DemoApplication ===> Started DemoApplication in 2.201 seconds (JVM running for 2.984)
2019-04-25 23:42:12.745 [http-nio-8080-exec-1] V1.0 INFO  o.a.c.c.C.[Tomcat].[localhost].[/] ===> Initializing Spring DispatcherServlet 'dispatcherServlet'
2019-04-25 23:42:12.745 [http-nio-8080-exec-1] V1.0 INFO  o.s.web.servlet.DispatcherServlet ===> Initializing Servlet 'dispatcherServlet'
2019-04-25 23:42:12.751 [http-nio-8080-exec-1] V1.0 INFO  o.s.web.servlet.DispatcherServlet ===> Completed initialization in 6 ms
2019-04-25 23:43:16.714 [main] V1.0 INFO  com.example.demo.DemoApplication ===> Starting DemoApplication on DESKTOP-GUH81E9 with PID 16672 (C:\Users\athena.li\Desktop\demo\target\classes started by athena.li in C:\Users\athena.li\Desktop\demo)
2019-04-25 23:43:16.719 [main] V1.0 INFO  com.example.demo.DemoApplication ===> No active profile set, falling back to default profiles: default
2019-04-25 23:43:17.662 [main] V1.0 INFO  o.s.b.w.e.tomcat.TomcatWebServer ===> Tomcat initialized with port(s): 8080 (http)
2019-04-25 23:43:17.674 [main] V1.0 INFO  o.a.coyote.http11.Http11NioProtocol ===> Initializing ProtocolHandler ["http-nio-8080"]
2019-04-25 23:43:17.681 [main] V1.0 INFO  o.a.catalina.core.StandardService ===> Starting service [Tomcat]
2019-04-25 23:43:17.682 [main] V1.0 INFO  o.a.catalina.core.StandardEngine ===> Starting Servlet engine: [Apache Tomcat/9.0.16]
2019-04-25 23:43:17.688 [main] V1.0 INFO  o.a.c.core.AprLifecycleListener ===> The APR based Apache Tomcat Native library which allows optimal performance in production environments was not found on the java.library.path: [C:\Program Files\Java\jdk1.8.0_171\bin;C:\WINDOWS\Sun\Java\bin;C:\WINDOWS\system32;C:\WINDOWS;D:\Oracle\app\oracle\product\11.2.0\server\bin;C:\Program Files (x86)\Common Files\Oracle\Java\javapath;C:\Windows\system32;C:\Windows;C:\Windows\System32\Wbem;C:\Windows\System32\WindowsPowerShell\v1.0\;C:\Program Files (x86)\NVIDIA Corporation\PhysX\Common;C:\Program Files\Intel\WiFi\bin\;C:\Program Files\Common Files\Intel\WirelessCommon\;D:\Program Files\Git\cmd;E:\java\apache-maven-3.5.0\bin;C:\Program Files\Java\jdk1.8.0_171\bin;C:\Program Files\Java\jdk1.8.0_171\jre\bin;C:\WINDOWS\system32;C:\WINDOWS;C:\WINDOWS\System32\Wbem;C:\WINDOWS\System32\WindowsPowerShell\v1.0\;C:\WINDOWS\System32\OpenSSH\;D:\Program Files\TortoiseSVN\bin;C:\Program Files\TortoiseSVN\bin;D:\plsqldeveloper\instantclient_12_2;D:\Program Files\consul；;C:\Users\athena.li\AppData\Local\Microsoft\WindowsApps;;.]
2019-04-25 23:43:17.769 [main] V1.0 INFO  o.a.c.c.C.[Tomcat].[localhost].[/] ===> Initializing Spring embedded WebApplicationContext
2019-04-25 23:43:17.769 [main] V1.0 INFO  o.s.web.context.ContextLoader ===> Root WebApplicationContext: initialization completed in 987 ms
2019-04-25 23:43:17.983 [main] V1.0 INFO  o.s.s.c.ThreadPoolTaskExecutor ===> Initializing ExecutorService 'applicationTaskExecutor'
2019-04-25 23:43:18.118 [main] V1.0 INFO  o.a.coyote.http11.Http11NioProtocol ===> Starting ProtocolHandler ["http-nio-8080"]
2019-04-25 23:43:18.214 [main] V1.0 INFO  o.s.b.w.e.tomcat.TomcatWebServer ===> Tomcat started on port(s): 8080 (http) with context path ''
2019-04-25 23:43:18.219 [main] V1.0 INFO  com.example.demo.DemoApplication ===> Started DemoApplication in 2.199 seconds (JVM running for 3.16)
2019-04-25 23:44:04.955 [main] V1.0 INFO  com.example.demo.DemoApplication ===> Starting DemoApplication on DESKTOP-GUH81E9 with PID 7088 (C:\Users\athena.li\Desktop\demo\target\classes started by athena.li in C:\Users\athena.li\Desktop\demo)
2019-04-25 23:44:04.959 [main] V1.0 INFO  com.example.demo.DemoApplication ===> No active profile set, falling back to default profiles: default
2019-04-25 23:44:05.998 [main] V1.0 INFO  o.s.b.w.e.tomcat.TomcatWebServer ===> Tomcat initialized with port(s): 8080 (http)
2019-04-25 23:44:06.009 [main] V1.0 INFO  o.a.coyote.http11.Http11NioProtocol ===> Initializing ProtocolHandler ["http-nio-8080"]
2019-04-25 23:44:06.015 [main] V1.0 INFO  o.a.catalina.core.StandardService ===> Starting service [Tomcat]
2019-04-25 23:44:06.016 [main] V1.0 INFO  o.a.catalina.core.StandardEngine ===> Starting Servlet engine: [Apache Tomcat/9.0.16]
2019-04-25 23:44:06.022 [main] V1.0 INFO  o.a.c.core.AprLifecycleListener ===> The APR based Apache Tomcat Native library which allows optimal performance in production environments was not found on the java.library.path: [C:\Program Files\Java\jdk1.8.0_171\bin;C:\WINDOWS\Sun\Java\bin;C:\WINDOWS\system32;C:\WINDOWS;D:\Oracle\app\oracle\product\11.2.0\server\bin;C:\Program Files (x86)\Common Files\Oracle\Java\javapath;C:\Windows\system32;C:\Windows;C:\Windows\System32\Wbem;C:\Windows\System32\WindowsPowerShell\v1.0\;C:\Program Files (x86)\NVIDIA Corporation\PhysX\Common;C:\Program Files\Intel\WiFi\bin\;C:\Program Files\Common Files\Intel\WirelessCommon\;D:\Program Files\Git\cmd;E:\java\apache-maven-3.5.0\bin;C:\Program Files\Java\jdk1.8.0_171\bin;C:\Program Files\Java\jdk1.8.0_171\jre\bin;C:\WINDOWS\system32;C:\WINDOWS;C:\WINDOWS\System32\Wbem;C:\WINDOWS\System32\WindowsPowerShell\v1.0\;C:\WINDOWS\System32\OpenSSH\;D:\Program Files\TortoiseSVN\bin;C:\Program Files\TortoiseSVN\bin;D:\plsqldeveloper\instantclient_12_2;D:\Program Files\consul；;C:\Users\athena.li\AppData\Local\Microsoft\WindowsApps;;.]
2019-04-25 23:44:06.093 [main] V1.0 INFO  o.a.c.c.C.[Tomcat].[localhost].[/] ===> Initializing Spring embedded WebApplicationContext
2019-04-25 23:44:06.093 [main] V1.0 INFO  o.s.web.context.ContextLoader ===> Root WebApplicationContext: initialization completed in 1075 ms
2019-04-25 23:44:06.277 [main] V1.0 INFO  o.s.s.c.ThreadPoolTaskExecutor ===> Initializing ExecutorService 'applicationTaskExecutor'
2019-04-25 23:44:06.403 [main] V1.0 INFO  o.a.coyote.http11.Http11NioProtocol ===> Starting ProtocolHandler ["http-nio-8080"]
2019-04-25 23:44:06.446 [main] V1.0 INFO  o.s.b.w.e.tomcat.TomcatWebServer ===> Tomcat started on port(s): 8080 (http) with context path ''
2019-04-25 23:44:06.448 [main] V1.0 INFO  com.example.demo.DemoApplication ===> Started DemoApplication in 2.093 seconds (JVM running for 2.834)
2019-04-25 23:44:16.629 [http-nio-8080-exec-1] V1.0 INFO  o.a.c.c.C.[Tomcat].[localhost].[/] ===> Initializing Spring DispatcherServlet 'dispatcherServlet'
2019-04-25 23:44:16.629 [http-nio-8080-exec-1] V1.0 INFO  o.s.web.servlet.DispatcherServlet ===> Initializing Servlet 'dispatcherServlet'
2019-04-25 23:44:16.633 [http-nio-8080-exec-1] V1.0 INFO  o.s.web.servlet.DispatcherServlet ===> Completed initialization in 4 ms
2019-04-25 23:44:53.772 [main] V1.0 INFO  com.example.demo.DemoApplication ===> Starting DemoApplication on DESKTOP-GUH81E9 with PID 7312 (C:\Users\athena.li\Desktop\demo\target\classes started by athena.li in C:\Users\athena.li\Desktop\demo)
2019-04-25 23:44:53.774 [main] V1.0 INFO  com.example.demo.DemoApplication ===> No active profile set, falling back to default profiles: default
2019-04-25 23:44:54.664 [main] V1.0 INFO  o.s.b.w.e.tomcat.TomcatWebServer ===> Tomcat initialized with port(s): 8080 (http)
2019-04-25 23:44:54.677 [main] V1.0 INFO  o.a.coyote.http11.Http11NioProtocol ===> Initializing ProtocolHandler ["http-nio-8080"]
2019-04-25 23:44:54.684 [main] V1.0 INFO  o.a.catalina.core.StandardService ===> Starting service [Tomcat]
2019-04-25 23:44:54.684 [main] V1.0 INFO  o.a.catalina.core.StandardEngine ===> Starting Servlet engine: [Apache Tomcat/9.0.16]
2019-04-25 23:44:54.689 [main] V1.0 INFO  o.a.c.core.AprLifecycleListener ===> The APR based Apache Tomcat Native library which allows optimal performance in production environments was not found on the java.library.path: [C:\Program Files\Java\jdk1.8.0_171\bin;C:\WINDOWS\Sun\Java\bin;C:\WINDOWS\system32;C:\WINDOWS;D:\Oracle\app\oracle\product\11.2.0\server\bin;C:\Program Files (x86)\Common Files\Oracle\Java\javapath;C:\Windows\system32;C:\Windows;C:\Windows\System32\Wbem;C:\Windows\System32\WindowsPowerShell\v1.0\;C:\Program Files (x86)\NVIDIA Corporation\PhysX\Common;C:\Program Files\Intel\WiFi\bin\;C:\Program Files\Common Files\Intel\WirelessCommon\;D:\Program Files\Git\cmd;E:\java\apache-maven-3.5.0\bin;C:\Program Files\Java\jdk1.8.0_171\bin;C:\Program Files\Java\jdk1.8.0_171\jre\bin;C:\WINDOWS\system32;C:\WINDOWS;C:\WINDOWS\System32\Wbem;C:\WINDOWS\System32\WindowsPowerShell\v1.0\;C:\WINDOWS\System32\OpenSSH\;D:\Program Files\TortoiseSVN\bin;C:\Program Files\TortoiseSVN\bin;D:\plsqldeveloper\instantclient_12_2;D:\Program Files\consul；;C:\Users\athena.li\AppData\Local\Microsoft\WindowsApps;;.]
2019-04-25 23:44:54.767 [main] V1.0 INFO  o.a.c.c.C.[Tomcat].[localhost].[/] ===> Initializing Spring embedded WebApplicationContext
2019-04-25 23:44:54.768 [main] V1.0 INFO  o.s.web.context.ContextLoader ===> Root WebApplicationContext: initialization completed in 953 ms
2019-04-25 23:44:54.945 [main] V1.0 INFO  o.s.s.c.ThreadPoolTaskExecutor ===> Initializing ExecutorService 'applicationTaskExecutor'
2019-04-25 23:44:55.070 [main] V1.0 INFO  o.a.coyote.http11.Http11NioProtocol ===> Starting ProtocolHandler ["http-nio-8080"]
2019-04-25 23:44:55.114 [main] V1.0 INFO  o.s.b.w.e.tomcat.TomcatWebServer ===> Tomcat started on port(s): 8080 (http) with context path ''
2019-04-25 23:44:55.116 [main] V1.0 INFO  com.example.demo.DemoApplication ===> Started DemoApplication in 1.9 seconds (JVM running for 2.698)
2019-04-25 23:45:04.106 [http-nio-8080-exec-1] V1.0 INFO  o.a.c.c.C.[Tomcat].[localhost].[/] ===> Initializing Spring DispatcherServlet 'dispatcherServlet'
2019-04-25 23:45:04.106 [http-nio-8080-exec-1] V1.0 INFO  o.s.web.servlet.DispatcherServlet ===> Initializing Servlet 'dispatcherServlet'
2019-04-25 23:45:04.111 [http-nio-8080-exec-1] V1.0 INFO  o.s.web.servlet.DispatcherServlet ===> Completed initialization in 5 ms
2019-04-25 23:47:27.263 [main] V1.0 INFO  com.example.demo.DemoApplication ===> Starting DemoApplication on DESKTOP-GUH81E9 with PID 17520 (C:\Users\athena.li\Desktop\demo\target\classes started by athena.li in C:\Users\athena.li\Desktop\demo)
2019-04-25 23:47:27.271 [main] V1.0 INFO  com.example.demo.DemoApplication ===> No active profile set, falling back to default profiles: default
2019-04-25 23:47:28.171 [main] V1.0 INFO  o.s.b.w.e.tomcat.TomcatWebServer ===> Tomcat initialized with port(s): 8080 (http)
2019-04-25 23:47:28.183 [main] V1.0 INFO  o.a.coyote.http11.Http11NioProtocol ===> Initializing ProtocolHandler ["http-nio-8080"]
2019-04-25 23:47:28.190 [main] V1.0 INFO  o.a.catalina.core.StandardService ===> Starting service [Tomcat]
2019-04-25 23:47:28.190 [main] V1.0 INFO  o.a.catalina.core.StandardEngine ===> Starting Servlet engine: [Apache Tomcat/9.0.16]
2019-04-25 23:47:28.196 [main] V1.0 INFO  o.a.c.core.AprLifecycleListener ===> The APR based Apache Tomcat Native library which allows optimal performance in production environments was not found on the java.library.path: [C:\Program Files\Java\jdk1.8.0_171\bin;C:\WINDOWS\Sun\Java\bin;C:\WINDOWS\system32;C:\WINDOWS;D:\Oracle\app\oracle\product\11.2.0\server\bin;C:\Program Files (x86)\Common Files\Oracle\Java\javapath;C:\Windows\system32;C:\Windows;C:\Windows\System32\Wbem;C:\Windows\System32\WindowsPowerShell\v1.0\;C:\Program Files (x86)\NVIDIA Corporation\PhysX\Common;C:\Program Files\Intel\WiFi\bin\;C:\Program Files\Common Files\Intel\WirelessCommon\;D:\Program Files\Git\cmd;E:\java\apache-maven-3.5.0\bin;C:\Program Files\Java\jdk1.8.0_171\bin;C:\Program Files\Java\jdk1.8.0_171\jre\bin;C:\WINDOWS\system32;C:\WINDOWS;C:\WINDOWS\System32\Wbem;C:\WINDOWS\System32\WindowsPowerShell\v1.0\;C:\WINDOWS\System32\OpenSSH\;D:\Program Files\TortoiseSVN\bin;C:\Program Files\TortoiseSVN\bin;D:\plsqldeveloper\instantclient_12_2;D:\Program Files\consul；;C:\Users\athena.li\AppData\Local\Microsoft\WindowsApps;;.]
2019-04-25 23:47:28.269 [main] V1.0 INFO  o.a.c.c.C.[Tomcat].[localhost].[/] ===> Initializing Spring embedded WebApplicationContext
2019-04-25 23:47:28.269 [main] V1.0 INFO  o.s.web.context.ContextLoader ===> Root WebApplicationContext: initialization completed in 953 ms
2019-04-25 23:47:28.446 [main] V1.0 INFO  o.s.s.c.ThreadPoolTaskExecutor ===> Initializing ExecutorService 'applicationTaskExecutor'
2019-04-25 23:47:28.572 [main] V1.0 INFO  o.a.coyote.http11.Http11NioProtocol ===> Starting ProtocolHandler ["http-nio-8080"]
2019-04-25 23:47:28.615 [main] V1.0 INFO  o.s.b.w.e.tomcat.TomcatWebServer ===> Tomcat started on port(s): 8080 (http) with context path ''
2019-04-25 23:47:28.618 [main] V1.0 INFO  com.example.demo.DemoApplication ===> Started DemoApplication in 1.912 seconds (JVM running for 2.73)
2019-04-25 23:49:33.204 [http-nio-8080-exec-1] V1.0 INFO  o.a.c.c.C.[Tomcat].[localhost].[/] ===> Initializing Spring DispatcherServlet 'dispatcherServlet'
2019-04-25 23:49:33.204 [http-nio-8080-exec-1] V1.0 INFO  o.s.web.servlet.DispatcherServlet ===> Initializing Servlet 'dispatcherServlet'
2019-04-25 23:49:33.210 [http-nio-8080-exec-1] V1.0 INFO  o.s.web.servlet.DispatcherServlet ===> Completed initialization in 5 ms
2019-04-25 23:49:57.763 [main] V1.0 INFO  com.example.demo.DemoApplication ===> Starting DemoApplication on DESKTOP-GUH81E9 with PID 17592 (C:\Users\athena.li\Desktop\demo\target\classes started by athena.li in C:\Users\athena.li\Desktop\demo)
2019-04-25 23:49:57.767 [main] V1.0 INFO  com.example.demo.DemoApplication ===> No active profile set, falling back to default profiles: default
2019-04-25 23:49:58.665 [main] V1.0 INFO  o.s.b.w.e.tomcat.TomcatWebServer ===> Tomcat initialized with port(s): 8080 (http)
2019-04-25 23:49:58.676 [main] V1.0 INFO  o.a.coyote.http11.Http11NioProtocol ===> Initializing ProtocolHandler ["http-nio-8080"]
2019-04-25 23:49:58.684 [main] V1.0 INFO  o.a.catalina.core.StandardService ===> Starting service [Tomcat]
2019-04-25 23:49:58.684 [main] V1.0 INFO  o.a.catalina.core.StandardEngine ===> Starting Servlet engine: [Apache Tomcat/9.0.16]
2019-04-25 23:49:58.689 [main] V1.0 INFO  o.a.c.core.AprLifecycleListener ===> The APR based Apache Tomcat Native library which allows optimal performance in production environments was not found on the java.library.path: [C:\Program Files\Java\jdk1.8.0_171\bin;C:\WINDOWS\Sun\Java\bin;C:\WINDOWS\system32;C:\WINDOWS;D:\Oracle\app\oracle\product\11.2.0\server\bin;C:\Program Files (x86)\Common Files\Oracle\Java\javapath;C:\Windows\system32;C:\Windows;C:\Windows\System32\Wbem;C:\Windows\System32\WindowsPowerShell\v1.0\;C:\Program Files (x86)\NVIDIA Corporation\PhysX\Common;C:\Program Files\Intel\WiFi\bin\;C:\Program Files\Common Files\Intel\WirelessCommon\;D:\Program Files\Git\cmd;E:\java\apache-maven-3.5.0\bin;C:\Program Files\Java\jdk1.8.0_171\bin;C:\Program Files\Java\jdk1.8.0_171\jre\bin;C:\WINDOWS\system32;C:\WINDOWS;C:\WINDOWS\System32\Wbem;C:\WINDOWS\System32\WindowsPowerShell\v1.0\;C:\WINDOWS\System32\OpenSSH\;D:\Program Files\TortoiseSVN\bin;C:\Program Files\TortoiseSVN\bin;D:\plsqldeveloper\instantclient_12_2;D:\Program Files\consul；;C:\Users\athena.li\AppData\Local\Microsoft\WindowsApps;;.]
2019-04-25 23:49:58.760 [main] V1.0 INFO  o.a.c.c.C.[Tomcat].[localhost].[/] ===> Initializing Spring embedded WebApplicationContext
2019-04-25 23:49:58.760 [main] V1.0 INFO  o.s.web.context.ContextLoader ===> Root WebApplicationContext: initialization completed in 939 ms
2019-04-25 23:49:58.941 [main] V1.0 INFO  o.s.s.c.ThreadPoolTaskExecutor ===> Initializing ExecutorService 'applicationTaskExecutor'
2019-04-25 23:49:59.068 [main] V1.0 INFO  o.a.coyote.http11.Http11NioProtocol ===> Starting ProtocolHandler ["http-nio-8080"]
2019-04-25 23:49:59.110 [main] V1.0 INFO  o.s.b.w.e.tomcat.TomcatWebServer ===> Tomcat started on port(s): 8080 (http) with context path ''
2019-04-25 23:49:59.113 [main] V1.0 INFO  com.example.demo.DemoApplication ===> Started DemoApplication in 1.939 seconds (JVM running for 2.675)
2019-04-25 23:50:16.276 [http-nio-8080-exec-1] V1.0 INFO  o.a.c.c.C.[Tomcat].[localhost].[/] ===> Initializing Spring DispatcherServlet 'dispatcherServlet'
2019-04-25 23:50:16.276 [http-nio-8080-exec-1] V1.0 INFO  o.s.web.servlet.DispatcherServlet ===> Initializing Servlet 'dispatcherServlet'
2019-04-25 23:50:16.280 [http-nio-8080-exec-1] V1.0 INFO  o.s.web.servlet.DispatcherServlet ===> Completed initialization in 4 ms
